2025-10-20 08:47:28,782Z INFO  miktex - this is One MiKTeX Utility 1.9 (MiKTeX 24.1 Portable)
2025-10-20 08:47:28,783Z INFO  miktex - this process (16540) started by miktex-portable.exe in directory C:\Users\user\OneDrive\Bilder\Desktop\EmanimStudio with command line: miktex --disable-installer --verbose fndb remove
2025-10-20 08:47:28,783Z INFO  miktex - Removing C:\Users\user\OneDrive\Bilder\Desktop\EmanimStudio\Miktex\texmfs\config\miktex\data\le\texmf.fndb-5...
2025-10-20 08:47:28,784Z ERROR miktex.core - The system cannot find the path specified.

2025-10-20 08:47:28,784Z ERROR miktex.core - Function: GetFileAttributesW
2025-10-20 08:47:28,785Z ERROR miktex.core - Result: 3
2025-10-20 08:47:28,785Z ERROR miktex.core - Data: path="C:\Users\user\OneDrive\Bilder\Desktop\EmanimStudio\Miktex\texmfs/config\miktex/data/le\texmf.fndb-5"
2025-10-20 08:47:28,786Z ERROR miktex.core - Source: Libraries\MiKTeX\Core\File\win\winFile.cpp:132
2025-10-20 08:47:28,787Z FATAL miktex - Windows API error 3: The system cannot find the path specified.

2025-10-20 08:47:28,787Z FATAL miktex - Info: path="C:\Users\user\OneDrive\Bilder\Desktop\EmanimStudio\Miktex\texmfs/config\miktex/data/le\texmf.fndb-5"
2025-10-20 08:47:28,787Z FATAL miktex - Source: Libraries\MiKTeX\Core\File\win\winFile.cpp
2025-10-20 08:47:28,787Z FATAL miktex - Line: 132
2025-10-20 08:47:28,789Z INFO  miktex - this process (16540) finishes with exit code 1
2025-10-20 08:47:30,213Z INFO  miktex - this is One MiKTeX Utility 1.9 (MiKTeX 24.1 Portable)
2025-10-20 08:47:30,213Z INFO  miktex - this process (21056) started by miktex-portable.exe in directory C:\Users\user\OneDrive\Bilder\Desktop\EmanimStudio with command line: miktex --disable-installer --verbose fndb refresh
2025-10-20 08:47:30,214Z INFO  miktex - Creating FNDB for common root directory (C:\Users\user\OneDrive\Bilder\Desktop\EmanimStudio\Miktex\texmfs\config)...
2025-10-20 08:47:30,284Z INFO  miktex - Creating FNDB for common root directory (C:\Users\user\OneDrive\Bilder\Desktop\EmanimStudio\Miktex\texmfs\data)...
2025-10-20 08:47:30,309Z INFO  miktex - Creating FNDB for common root directory (C:\Users\user\OneDrive\Bilder\Desktop\EmanimStudio\Miktex\texmfs\install)...
2025-10-20 08:47:37,120Z WARN  miktex.packagemanager - dependency problem: showframe is required by _miktex-latex-packages
2025-10-20 08:47:37,121Z WARN  miktex.packagemanager - dependency problem: thailatex is required by _miktex-latex-packages
2025-10-20 08:47:37,124Z WARN  miktex.packagemanager - dependency problem: luxi is required by _miktex-fonts-type1
2025-10-20 08:47:37,228Z INFO  miktex - Refreshing FNDB for MPM...
2025-10-20 08:47:43,748Z INFO  miktex - this process (21056) finishes with exit code 0
2025-10-20 08:47:44,205Z INFO  miktex - this is One MiKTeX Utility 1.9 (MiKTeX 24.1 Portable)
2025-10-20 08:47:44,206Z INFO  miktex - this process (2360) started by miktex-portable.exe in directory C:\Users\user\OneDrive\Bilder\Desktop\EmanimStudio with command line: miktex --disable-installer --verbose links install --force
2025-10-20 08:47:44,206Z INFO  miktex - Installing links in target directory C:\Users\user\OneDrive\Bilder\Desktop\EmanimStudio\Miktex\texmfs\install\miktex\bin\x64...
2025-10-20 08:47:46,377Z INFO  miktex - this process (2360) finishes with exit code 0
2025-10-20 08:47:46,757Z INFO  miktex - this is One MiKTeX Utility 1.9 (MiKTeX 24.1 Portable)
2025-10-20 08:47:46,757Z INFO  miktex - this process (17072) started by miktex-portable.exe in directory C:\Users\user\OneDrive\Bilder\Desktop\EmanimStudio with command line: miktex --disable-installer --verbose fontmaps configure
2025-10-20 08:47:46,758Z INFO  miktex - Parsing configuration file C:\Users\user\OneDrive\Bilder\Desktop\EmanimStudio\Miktex\texmfs\install\miktex/config\updmap.cfg...
2025-10-20 08:47:46,954Z INFO  miktex - Writing C:\Users\user\OneDrive\Bilder\Desktop\EmanimStudio\Miktex\texmfs/data\fonts\map\dvipdfmx\kanjix.map...
2025-10-20 08:47:46,962Z INFO  miktex - Writing C:\Users\user\OneDrive\Bilder\Desktop\EmanimStudio\Miktex\texmfs/data\fonts\map\dvips\builtin35.map...
2025-10-20 08:47:46,970Z INFO  miktex - Writing C:\Users\user\OneDrive\Bilder\Desktop\EmanimStudio\Miktex\texmfs/data\fonts\map\dvips\download35.map...
2025-10-20 08:47:46,979Z INFO  miktex - Writing C:\Users\user\OneDrive\Bilder\Desktop\EmanimStudio\Miktex\texmfs/data\fonts\map\dvips\ps2pk.map...
2025-10-20 08:47:46,997Z INFO  miktex - Writing C:\Users\user\OneDrive\Bilder\Desktop\EmanimStudio\Miktex\texmfs/data\fonts\map\dvips\psfonts_pk.map...
2025-10-20 08:47:47,013Z INFO  miktex - Writing C:\Users\user\OneDrive\Bilder\Desktop\EmanimStudio\Miktex\texmfs/data\fonts\map\dvips\psfonts_t1.map...
2025-10-20 08:47:47,029Z INFO  miktex - Writing C:\Users\user\OneDrive\Bilder\Desktop\EmanimStudio\Miktex\texmfs/data\fonts\map\pdftex\pdftex_dl14.map...
2025-10-20 08:47:47,048Z INFO  miktex - Writing C:\Users\user\OneDrive\Bilder\Desktop\EmanimStudio\Miktex\texmfs/data\fonts\map\pdftex\pdftex_ndl14.map...
2025-10-20 08:47:47,064Z INFO  miktex - Copying C:\Users\user\OneDrive\Bilder\Desktop\EmanimStudio\Miktex\texmfs/data\fonts\map\dvips\psfonts_t1.map
2025-10-20 08:47:47,064Z INFO  miktex -      to C:\Users\user\OneDrive\Bilder\Desktop\EmanimStudio\Miktex\texmfs/data\fonts\map\dvips\psfonts.map...
2025-10-20 08:47:47,071Z INFO  miktex - Copying C:\Users\user\OneDrive\Bilder\Desktop\EmanimStudio\Miktex\texmfs/data\fonts\map\pdftex\pdftex_dl14.map
2025-10-20 08:47:47,072Z INFO  miktex -      to C:\Users\user\OneDrive\Bilder\Desktop\EmanimStudio\Miktex\texmfs/data\fonts\map\pdftex\pdftex.map...
2025-10-20 08:47:47,090Z INFO  miktex - running: miktex-fc-cache --verbose --miktex-disable-maintenance --miktex-disable-diagnose
2025-10-20 08:47:47,090Z INFO  miktex.core - start process: miktex-fc-cache --verbose --miktex-disable-maintenance --miktex-disable-diagnose
2025-10-20 08:48:00,331Z INFO  miktex - C:/Users/user/AppData/Local/Microsoft/Windows/Fonts: skipping, existing cache is valid: 12 fonts, 0 dirs
2025-10-20 08:48:00,332Z INFO  miktex - C:/WINDOWS/Fonts: skipping, existing cache is valid: 1038 fonts, 0 dirs
2025-10-20 08:48:00,336Z INFO  miktex - C:/Users/user/OneDrive/Bilder/Desktop/EmanimStudio/Miktex/texmfs/install/fonts/opentype: skipping, existing cache is valid: 0 fonts, 1 dirs
2025-10-20 08:48:00,339Z INFO  miktex - C:/Users/user/OneDrive/Bilder/Desktop/EmanimStudio/Miktex/texmfs/install/fonts/opentype/public: skipping, existing cache is valid: 0 fonts, 1 dirs
2025-10-20 08:48:00,343Z INFO  miktex - C:/Users/user/OneDrive/Bilder/Desktop/EmanimStudio/Miktex/texmfs/install/fonts/opentype/public/lm: skipping, existing cache is valid: 72 fonts, 0 dirs
2025-10-20 08:48:00,343Z INFO  miktex - C:/Users/user/.local/share/fonts: skipping, no such directory
2025-10-20 08:48:00,344Z INFO  miktex - C:/Users/user/.fonts: skipping, no such directory
2025-10-20 08:48:00,344Z INFO  miktex - C:/Users/user/OneDrive/Bilder/Desktop/EmanimStudio/Miktex/texmfs/install/fonts/opentype/public: skipping, looped directory detected
2025-10-20 08:48:00,468Z INFO  miktex - C:/Users/user/OneDrive/Bilder/Desktop/EmanimStudio/Miktex/texmfs/install/fonts/opentype/public/lm: skipping, looped directory detected
2025-10-20 08:48:00,468Z INFO  miktex - C:/Users/user/OneDrive/Bilder/Desktop/EmanimStudio/Miktex/texmfs/data/fontconfig/cache: cleaning cache directory
2025-10-20 08:48:00,468Z INFO  miktex - C:/Users/user/.cache/fontconfig: not cleaning non-existent cache directory
2025-10-20 08:48:00,468Z INFO  miktex - C:/Users/user/.fontconfig: not cleaning non-existent cache directory
2025-10-20 08:48:00,472Z INFO  miktex - miktex-fc-cache: succeeded
2025-10-20 08:48:00,480Z WARN  miktex.core - still open: C:\Users\user\OneDrive\Bilder\Desktop\EmanimStudio\Miktex\texmfs\install\fontconfig/config\fonts.conf.in
2025-10-20 08:48:00,480Z WARN  miktex.core - still open: C:\Users\user\OneDrive\Bilder\Desktop\EmanimStudio\Miktex\texmfs/config\fontconfig\config\fonts.conf
2025-10-20 08:48:00,480Z INFO  miktex - this process (17072) finishes with exit code 0
2025-10-20 08:48:01,109Z INFO  miktex - this is One MiKTeX Utility 1.9 (MiKTeX 24.1 Portable)
2025-10-20 08:48:01,109Z INFO  miktex - this process (8580) started by miktex-portable.exe in directory C:\Users\user\OneDrive\Bilder\Desktop\EmanimStudio with command line: miktex --disable-installer --verbose languages configure
2025-10-20 08:48:01,110Z INFO  miktex - Creating language.dat, language.dat.lua and language.def...
2025-10-20 08:48:01,296Z INFO  miktex - this process (8580) finishes with exit code 0
2025-10-20 08:48:03,596Z INFO  miktex - this is One MiKTeX Utility 1.9 (MiKTeX 24.1 Portable)
2025-10-20 08:48:03,597Z INFO  miktex - this process (21120) started by miktex-portable.exe in directory C:\Users\user\OneDrive\Bilder\Desktop\EmanimStudio with command line: miktex --disable-installer --verbose fndb refresh
2025-10-20 08:48:03,690Z INFO  miktex - Creating FNDB for common root directory (C:\Users\user\OneDrive\Bilder\Desktop\EmanimStudio\Miktex\texmfs\config)...
2025-10-20 08:48:03,741Z INFO  miktex - Creating FNDB for common root directory (C:\Users\user\OneDrive\Bilder\Desktop\EmanimStudio\Miktex\texmfs\data)...
2025-10-20 08:48:03,780Z INFO  miktex - Creating FNDB for common root directory (C:\Users\user\OneDrive\Bilder\Desktop\EmanimStudio\Miktex\texmfs\install)...
2025-10-20 08:48:09,652Z WARN  miktex.packagemanager - dependency problem: showframe is required by _miktex-latex-packages
2025-10-20 08:48:09,653Z WARN  miktex.packagemanager - dependency problem: thailatex is required by _miktex-latex-packages
2025-10-20 08:48:09,657Z WARN  miktex.packagemanager - dependency problem: luxi is required by _miktex-fonts-type1
2025-10-20 08:48:09,818Z INFO  miktex - Refreshing FNDB for MPM...
2025-10-20 08:48:16,031Z INFO  miktex - this process (21120) finishes with exit code 0
