2025-10-24 09:50:06,827Z INFO  miktex-makefmt - this process (23484) started by miktex in directory C:\Users\user\AppData\Local\Temp with command line: miktex-makefmt.exe --engine=pdftex --dest-name=pdflatex --no-dump pdflatex.ini --engine-option=-tcx=cp227.tcx --enable-installer --miktex-disable-maintenance --miktex-disable-diagnose
2025-10-24 09:50:06,828Z INFO  miktex-makefmt - running on Windows 10.0.26100
2025-10-24 09:50:06,837Z INFO  miktex-makefmt - installing package tex-ini-files triggered by tex/latex/tex-ini-files\pdflatex.ini
2025-10-24 09:50:06,847Z INFO  miktex-makefmt.packagemanager - going to download https://api2.miktex.org/hello
2025-10-24 09:50:07,837Z INFO  miktex-makefmt.packagemanager - going to download https://api2.miktex.org/repositories?&releaseState=Stable&orderBy=ranking&take=1&onlySecure=true
2025-10-24 09:50:08,028Z INFO  miktex-makefmt - mpm: starting package maintenance...
2025-10-24 09:50:08,028Z INFO  miktex-makefmt - mpm: installation directory: C:\Users\user\OneDrive\Bilder\Desktop\EmanimStudio\Lib\Miktex\texmfs\install
2025-10-24 09:50:08,028Z INFO  miktex-makefmt - mpm: package repository: https://in.mirrors.cicku.me/ctan/systems/win32/miktex/tm/packages/
2025-10-24 09:50:09,704Z WARN  miktex-makefmt.packagemanager - dependency problem: showframe is required by _miktex-latex-packages
2025-10-24 09:50:09,704Z WARN  miktex-makefmt.packagemanager - dependency problem: thailatex is required by _miktex-latex-packages
2025-10-24 09:50:09,706Z WARN  miktex-makefmt.packagemanager - dependency problem: luxi is required by _miktex-fonts-type1
2025-10-24 09:50:09,785Z INFO  miktex-makefmt - mpm: visiting repository https://in.mirrors.cicku.me/ctan/systems/win32/miktex/tm/packages/...
2025-10-24 09:50:09,785Z INFO  miktex-makefmt - mpm: repository type: remote package repository
2025-10-24 09:50:09,788Z INFO  miktex-makefmt - mpm: loading package repository manifest...
2025-10-24 09:50:09,789Z INFO  miktex-makefmt - mpm: downloading https://in.mirrors.cicku.me/ctan/systems/win32/miktex/tm/packages/miktex-zzdb1-2.9.tar.lzma...
2025-10-24 09:50:09,794Z INFO  miktex-makefmt.packagemanager - going to download https://in.mirrors.cicku.me/ctan/systems/win32/miktex/tm/packages/miktex-zzdb1-2.9.tar.lzma
2025-10-24 09:50:12,392Z INFO  miktex-makefmt - mpm: 0.40 MB, 1.22 Mbit/s
2025-10-24 09:50:13,128Z INFO  miktex-makefmt - mpm: package repository digest: 07d216472d9d0750319978209123ac5a
2025-10-24 09:50:13,128Z INFO  miktex-makefmt - mpm: going to download 4666 bytes
2025-10-24 09:50:13,129Z INFO  miktex-makefmt - mpm: going to install 16 file(s) (1 package(s))
2025-10-24 09:50:14,365Z INFO  miktex-makefmt.packagemanager - installing package tex-ini-files
2025-10-24 09:50:14,366Z INFO  miktex-makefmt - mpm: downloading https://in.mirrors.cicku.me/ctan/systems/win32/miktex/tm/packages/tex-ini-files.tar.lzma...
2025-10-24 09:50:14,366Z INFO  miktex-makefmt.packagemanager - going to download https://in.mirrors.cicku.me/ctan/systems/win32/miktex/tm/packages/tex-ini-files.tar.lzma
2025-10-24 09:50:15,598Z INFO  miktex-makefmt - mpm: 0.00 MB, 0.03 Mbit/s
2025-10-24 09:50:15,646Z INFO  miktex-makefmt - mpm: extracting files from tex-ini-files.tar.lzma...
2025-10-24 09:50:16,770Z INFO  miktex-makefmt.core - start process: miktex fontmaps configure
2025-10-24 09:50:33,693Z INFO  makefmt - found input file: C:\Users\user\OneDrive\Bilder\Desktop\EmanimStudio\Lib\Miktex\texmfs\install\tex\latex\tex-ini-files\pdflatex.ini
2025-10-24 09:50:33,695Z INFO  makefmt - Creating the pdflatex format file...
2025-10-24 09:50:33,740Z INFO  makefmt - Running miktex-pdftex.exe...
2025-10-24 09:50:33,740Z INFO  makefmt - running: miktex-pdftex.exe --miktex-enable-installer --miktex-disable-maintenance --miktex-disable-diagnose --interaction=nonstopmode --initialize --halt-on-error --alias=pdflatex --job-name=pdflatex -tcx=cp227.tcx --enable-etex pdflatex.ini
2025-10-24 09:50:33,740Z INFO  miktex-makefmt.core - start process: miktex-pdftex.exe --miktex-enable-installer --miktex-disable-maintenance --miktex-disable-diagnose --interaction=nonstopmode --initialize --halt-on-error --alias=pdflatex --job-name=pdflatex -tcx=cp227.tcx --enable-etex pdflatex.ini
2025-10-24 09:51:23,753Z INFO  makefmt - Installing C:\Users\user\OneDrive\Bilder\Desktop\EmanimStudio\Lib\Miktex\texmfs/data\miktex\log\makefmt\pdflatex\2025-10-24-09-50-33.log...
2025-10-24 09:51:23,763Z INFO  makefmt - Installing C:\Users\user\OneDrive\Bilder\Desktop\EmanimStudio\Lib\Miktex\texmfs/data\miktex/data/le/pdftex\pdflatex.fmt...
2025-10-24 09:51:23,781Z INFO  miktex-makefmt - this process (23484) finishes with exit code 0
2025-10-24 09:51:23,860Z WARN  miktex-makefmt.core - still open: C:\Users\user\OneDrive\Bilder\Desktop\EmanimStudio\Lib\Miktex\texmfs\install\tex/generic/config\pdftexconfig.tex.in
2025-10-24 09:51:23,860Z WARN  miktex-makefmt.core - still open: C:\Users\user\OneDrive\Bilder\Desktop\EmanimStudio\Lib\Miktex\texmfs/config\tex\generic\config\pdftexconfig.tex
