2025-10-29 06:53:12,244Z INFO  main - starting: MiKTeX Console 4.11 (MiKTeX 24.1 Portable)
2025-10-29 06:53:12,258Z INFO  miktex-console.core - start process: pdftex --miktex-disable-installer --miktex-disable-maintenance --miktex-disable-diagnose --version
2025-10-29 06:53:13,404Z ERROR miktex-console.core - Something is wrong with the PATH:
2025-10-29 06:53:13,404Z ERROR miktex-console.core - C:\Program Files\Python313\Scripts\;C:\Program Files\Python313\;C:\WINDOWS\system32;C:\WINDOWS;C:\WINDOWS\System32\Wbem;C:\WINDOWS\System32\WindowsPowerShell\v1.0\;C:\WINDOWS\System32\OpenSSH\;C:\ProgramData\chocolatey\bin;C:\Program Files\Git\cmd;C:\Program Files\Git LFS;C:\Python31210_temp\Scripts\;C:\Python31210_temp\;C:\Users\user\AppData\Local\Programs\Python\Python312\Scripts\;C:\Users\user\AppData\Local\Programs\Python\Python312\;C:\Users\user\AppData\Local\com.Langflow\uv;C:\Users\user\.local\bin;C:\Users\user\miniconda3;C:\Users\user\miniconda3\Library\mingw-w64\bin;C:\Users\user\miniconda3\Library\usr\bin;C:\Users\user\miniconda3\Library\bin;C:\Users\user\miniconda3\Scripts;C:\Users\user\AppData\Local\Microsoft\WindowsApps;C:\Users\user\AppData\Local\Programs\MiKTeX\miktex\bin\x64\;C:\Users\user\AppData\Local\Programs\Microsoft VS Code\bin;C:\Users\user\AppData\Roaming\Python\Python313\Scripts
2025-10-29 06:53:14,791Z WARN  miktex-console.packagemanager - dependency problem: showframe is required by _miktex-latex-packages
2025-10-29 06:53:14,791Z WARN  miktex-console.packagemanager - dependency problem: thailatex is required by _miktex-latex-packages
2025-10-29 06:53:14,793Z WARN  miktex-console.packagemanager - dependency problem: luxi is required by _miktex-fonts-type1
2025-10-29 06:53:14,848Z FATAL miktex-console.core - internal error
2025-10-29 06:53:14,848Z FATAL miktex-console.core - Data: 
2025-10-29 06:53:14,848Z FATAL miktex-console.core - Source: Libraries\MiKTeX\Core\Session\papersize.cpp:243
2025-10-29 06:53:14,850Z ERROR mainwindow - Libraries\MiKTeX\Core\Session\papersize.cpp:243: internal error()
2025-10-29 06:53:29,623Z FATAL miktex-console.core - internal error
2025-10-29 06:53:29,623Z FATAL miktex-console.core - Data: 
2025-10-29 06:53:29,623Z FATAL miktex-console.core - Source: Libraries\MiKTeX\Core\Session\papersize.cpp:243
2025-10-29 06:53:29,624Z ERROR mainwindow - Libraries\MiKTeX\Core\Session\papersize.cpp:243: internal error()
2025-10-29 06:53:45,606Z INFO  mainwindow - checking for updates...
2025-10-29 06:53:45,619Z INFO  miktex-console.packagemanager - searching for updateable packages
2025-10-29 06:53:45,622Z INFO  miktex-console.packagemanager - going to download https://api2.miktex.org/hello
2025-10-29 06:53:46,308Z INFO  miktex-console.packagemanager - going to download https://api2.miktex.org/repositories?&releaseState=Stable&orderBy=ranking&take=1&onlySecure=true
2025-10-29 06:53:46,484Z INFO  mainwindow - downloading https://br.mirrors.cicku.me/ctan/systems/win32/miktex/tm/packages/miktex-zzdb3-2.9.tar.lzma...
2025-10-29 06:53:46,681Z INFO  miktex-console.packagemanager - going to download https://br.mirrors.cicku.me/ctan/systems/win32/miktex/tm/packages/miktex-zzdb3-2.9.tar.lzma
2025-10-29 06:53:49,602Z INFO  mainwindow - 1.89 MB, 5.18 Mbit/s
2025-10-29 06:53:51,733Z INFO  mainwindow - updating package manifests (C:\Users\user\OneDrive\Bilder\Desktop\EmanimStudio\Lib\Miktex\texmfs\install\miktex/config\package-manifests.ini)...
2025-10-29 06:53:53,184Z INFO  mainwindow - installed 8108 package manifests
2025-10-29 06:53:53,184Z INFO  mainwindow - visiting repository https://br.mirrors.cicku.me/ctan/systems/win32/miktex/tm/packages/...
2025-10-29 06:53:53,184Z INFO  mainwindow - repository type: remote package repository
2025-10-29 06:53:53,186Z INFO  mainwindow - loading package repository manifest...
2025-10-29 06:53:53,187Z INFO  mainwindow - downloading https://br.mirrors.cicku.me/ctan/systems/win32/miktex/tm/packages/miktex-zzdb1-2.9.tar.lzma...
2025-10-29 06:53:53,187Z INFO  miktex-console.packagemanager - going to download https://br.mirrors.cicku.me/ctan/systems/win32/miktex/tm/packages/miktex-zzdb1-2.9.tar.lzma
2025-10-29 06:53:53,745Z INFO  mainwindow - 0.40 MB, 5.71 Mbit/s
2025-10-29 06:53:54,841Z WARN  miktex-console.packagemanager - dependency problem: showframe is required by _miktex-latex-packages
2025-10-29 06:53:54,842Z WARN  miktex-console.packagemanager - dependency problem: sttools is required by _miktex-latex-packages
2025-10-29 06:53:54,842Z WARN  miktex-console.packagemanager - dependency problem: thailatex is required by _miktex-latex-packages
2025-10-29 06:53:54,843Z WARN  miktex-console.packagemanager - dependency problem: luxi is required by _miktex-fonts-type1
2025-10-29 06:53:58,076Z INFO  mainwindow - package repository digest: d48a9aa161b11deaa7a2f6c3b8629799
2025-10-29 06:53:58,077Z WARN  miktex-console.packagemanager - package verification failed: file C:\Users\user\OneDrive\Bilder\Desktop\EmanimStudio\Lib\Miktex\texmfs\install\tpm/packages/miktex-lzma-bin-x64-2.9.tpm does not exist
2025-10-29 06:53:58,077Z WARN  miktex-console.packagemanager - miktex-lzma-bin-x64-2.9: package is broken
2025-10-29 06:53:58,079Z WARN  miktex-console.packagemanager - package verification failed: file C:\Users\user\OneDrive\Bilder\Desktop\EmanimStudio\Lib\Miktex\texmfs\install\tpm/packages/miktex-xml2pmx-bin-x64.tpm does not exist
2025-10-29 06:53:58,079Z WARN  miktex-console.packagemanager - miktex-xml2pmx-bin-x64: package is broken
2025-10-29 06:53:58,080Z WARN  miktex-console.packagemanager - package verification failed: file C:\Users\user\OneDrive\Bilder\Desktop\EmanimStudio\Lib\Miktex\texmfs\install\tpm/packages/miktex-chktex-bin-x64-2.9.tpm does not exist
2025-10-29 06:53:58,080Z WARN  miktex-console.packagemanager - miktex-chktex-bin-x64-2.9: package is broken
2025-10-29 06:53:58,081Z WARN  miktex-console.packagemanager - package verification failed: file C:\Users\user\OneDrive\Bilder\Desktop\EmanimStudio\Lib\Miktex\texmfs\install\tpm/packages/miktex-cjkutils-bin-x64-2.9.tpm does not exist
2025-10-29 06:53:58,081Z WARN  miktex-console.packagemanager - miktex-cjkutils-bin-x64-2.9: package is broken
2025-10-29 06:53:58,082Z WARN  miktex-console.packagemanager - package verification failed: file C:\Users\user\OneDrive\Bilder\Desktop\EmanimStudio\Lib\Miktex\texmfs\install\tpm/packages/miktex-gd-bin-x64-2.9.tpm does not exist
2025-10-29 06:53:58,082Z WARN  miktex-console.packagemanager - miktex-gd-bin-x64-2.9: package is broken
2025-10-29 06:53:58,083Z WARN  miktex-console.packagemanager - package verification failed: file C:\Users\user\OneDrive\Bilder\Desktop\EmanimStudio\Lib\Miktex\texmfs\install\tpm/packages/miktex-dvisvgm-bin-x64-2.9.tpm does not exist
2025-10-29 06:53:58,083Z WARN  miktex-console.packagemanager - miktex-dvisvgm-bin-x64-2.9: package is broken
2025-10-29 06:53:58,083Z WARN  miktex-console.packagemanager - package verification failed: file C:\Users\user\OneDrive\Bilder\Desktop\EmanimStudio\Lib\Miktex\texmfs\install\tpm/packages/miktex-zlib-bin-x64-2.9.tpm does not exist
2025-10-29 06:53:58,083Z WARN  miktex-console.packagemanager - miktex-zlib-bin-x64-2.9: package is broken
2025-10-29 06:53:58,084Z WARN  miktex-console.packagemanager - package verification failed: file C:\Users\user\OneDrive\Bilder\Desktop\EmanimStudio\Lib\Miktex\texmfs\install\tpm/packages/miktex-pixman-bin-x64-2.9.tpm does not exist
2025-10-29 06:53:58,084Z WARN  miktex-console.packagemanager - miktex-pixman-bin-x64-2.9: package is broken
2025-10-29 06:53:58,218Z WARN  miktex-console.packagemanager - package verification failed: file C:\Users\user\OneDrive\Bilder\Desktop\EmanimStudio\Lib\Miktex\texmfs\install\tpm/packages/miktex-qt6-bin-x64.tpm does not exist
2025-10-29 06:53:58,218Z WARN  miktex-console.packagemanager - miktex-qt6-bin-x64: package is broken
2025-10-29 06:53:58,222Z WARN  miktex-console.packagemanager - package verification failed: file C:\Users\user\OneDrive\Bilder\Desktop\EmanimStudio\Lib\Miktex\texmfs\install\tpm/packages/miktex-tex2xindy-bin-x64-2.9.tpm does not exist
2025-10-29 06:53:58,222Z WARN  miktex-console.packagemanager - miktex-tex2xindy-bin-x64-2.9: package is broken
2025-10-29 06:53:58,225Z WARN  miktex-console.packagemanager - package verification failed: file C:\Users\user\OneDrive\Bilder\Desktop\EmanimStudio\Lib\Miktex\texmfs\install\tpm/packages/miktex-bibarts-bin-x64-2.9.tpm does not exist
2025-10-29 06:53:58,225Z WARN  miktex-console.packagemanager - miktex-bibarts-bin-x64-2.9: package is broken
2025-10-29 06:53:58,227Z WARN  miktex-console.packagemanager - package verification failed: file C:\Users\user\OneDrive\Bilder\Desktop\EmanimStudio\Lib\Miktex\texmfs\install\tpm/packages/miktex-fribidixetex-bin-x64-2.9.tpm does not exist
2025-10-29 06:53:58,227Z WARN  miktex-console.packagemanager - miktex-fribidixetex-bin-x64-2.9: package is broken
2025-10-29 06:53:58,228Z WARN  miktex-console.packagemanager - package verification failed: file C:\Users\user\OneDrive\Bilder\Desktop\EmanimStudio\Lib\Miktex\texmfs\install\tpm/packages/miktex-dvips-bin-x64-2.9.tpm does not exist
2025-10-29 06:53:58,229Z WARN  miktex-console.packagemanager - miktex-dvips-bin-x64-2.9: package is broken
2025-10-29 06:53:58,260Z WARN  miktex-console.packagemanager - package verification failed: file C:\Users\user\OneDrive\Bilder\Desktop\EmanimStudio\Lib\Miktex\texmfs\install\tex/latex/latexconfig/lualatexquotejobname.lua does not exist
2025-10-29 06:53:58,260Z WARN  miktex-console.packagemanager - miktex-luatex: package is broken
2025-10-29 06:53:58,263Z WARN  miktex-console.packagemanager - package verification failed: file C:\Users\user\OneDrive\Bilder\Desktop\EmanimStudio\Lib\Miktex\texmfs\install\tpm/packages/miktex-posix-bin-x64-2.9.tpm does not exist
2025-10-29 06:53:58,263Z WARN  miktex-console.packagemanager - miktex-posix-bin-x64-2.9: package is broken
2025-10-29 06:53:58,264Z WARN  miktex-console.packagemanager - package verification failed: file C:\Users\user\OneDrive\Bilder\Desktop\EmanimStudio\Lib\Miktex\texmfs\install\hunspell/dicts/fr.aff does not exist
2025-10-29 06:53:58,264Z WARN  miktex-console.packagemanager - miktex-dict-french: package is broken
2025-10-29 06:53:58,266Z WARN  miktex-console.packagemanager - package verification failed: file C:\Users\user\OneDrive\Bilder\Desktop\EmanimStudio\Lib\Miktex\texmfs\install\tpm/packages/miktex-libressl-bin-x64-2.9.tpm does not exist
2025-10-29 06:53:58,266Z WARN  miktex-console.packagemanager - miktex-libressl-bin-x64-2.9: package is broken
2025-10-29 06:53:58,267Z WARN  miktex-console.packagemanager - package verification failed: file C:\Users\user\OneDrive\Bilder\Desktop\EmanimStudio\Lib\Miktex\texmfs\install\tpm/packages/miktex-teckit-bin-x64-2.9.tpm does not exist
2025-10-29 06:53:58,267Z WARN  miktex-console.packagemanager - miktex-teckit-bin-x64-2.9: package is broken
2025-10-29 06:53:58,268Z WARN  miktex-console.packagemanager - package verification failed: file C:\Users\user\OneDrive\Bilder\Desktop\EmanimStudio\Lib\Miktex\texmfs\install\hunspell/dicts/en_US.aff does not exist
2025-10-29 06:53:58,268Z WARN  miktex-console.packagemanager - miktex-dict-english: package is broken
2025-10-29 06:53:58,269Z WARN  miktex-console.packagemanager - package verification failed: file C:\Users\user\OneDrive\Bilder\Desktop\EmanimStudio\Lib\Miktex\texmfs\install\tpm/packages/miktex-cweb-bin-x64-2.9.tpm does not exist
2025-10-29 06:53:58,269Z WARN  miktex-console.packagemanager - miktex-cweb-bin-x64-2.9: package is broken
2025-10-29 06:53:58,272Z WARN  miktex-console.packagemanager - package verification failed: file C:\Users\user\OneDrive\Bilder\Desktop\EmanimStudio\Lib\Miktex\texmfs\install\tpm/packages/miktex-metafont-bin-x64-2.9.tpm does not exist
2025-10-29 06:53:58,272Z WARN  miktex-console.packagemanager - miktex-metafont-bin-x64-2.9: package is broken
2025-10-29 06:53:58,272Z WARN  miktex-console.packagemanager - package verification failed: file C:\Users\user\OneDrive\Bilder\Desktop\EmanimStudio\Lib\Miktex\texmfs\install\tpm/packages/miktex-log4cxx-bin-x64-2.9.tpm does not exist
2025-10-29 06:53:58,273Z WARN  miktex-console.packagemanager - miktex-log4cxx-bin-x64-2.9: package is broken
2025-10-29 06:53:58,274Z WARN  miktex-console.packagemanager - package verification failed: file C:\Users\user\OneDrive\Bilder\Desktop\EmanimStudio\Lib\Miktex\texmfs\install\tpm/packages/miktex-latex.tpm does not exist
2025-10-29 06:53:58,274Z WARN  miktex-console.packagemanager - miktex-latex: package is broken
2025-10-29 06:53:58,275Z WARN  miktex-console.packagemanager - package verification failed: file C:\Users\user\OneDrive\Bilder\Desktop\EmanimStudio\Lib\Miktex\texmfs\install\tpm/packages/miktex-mtprint-bin-x64-2.9.tpm does not exist
2025-10-29 06:53:58,275Z WARN  miktex-console.packagemanager - miktex-mtprint-bin-x64-2.9: package is broken
2025-10-29 06:53:58,278Z WARN  miktex-console.packagemanager - package verification failed: file C:\Users\user\OneDrive\Bilder\Desktop\EmanimStudio\Lib\Miktex\texmfs\install\tpm/packages/miktex-texify-bin-x64-2.9.tpm does not exist
2025-10-29 06:53:58,278Z WARN  miktex-console.packagemanager - miktex-texify-bin-x64-2.9: package is broken
2025-10-29 06:53:58,478Z WARN  miktex-console.packagemanager - package verification failed: file C:\Users\user\OneDrive\Bilder\Desktop\EmanimStudio\Lib\Miktex\texmfs\install\tpm/packages/miktex-ghostscript-bin-x64.tpm does not exist
2025-10-29 06:53:58,478Z WARN  miktex-console.packagemanager - miktex-ghostscript-bin-x64: package is broken
2025-10-29 06:53:58,481Z WARN  miktex-console.packagemanager - package verification failed: file C:\Users\user\OneDrive\Bilder\Desktop\EmanimStudio\Lib\Miktex\texmfs\install\tpm/packages/miktex-mpmcli-bin-x64-2.9.tpm does not exist
2025-10-29 06:53:58,481Z WARN  miktex-console.packagemanager - miktex-mpmcli-bin-x64-2.9: package is broken
2025-10-29 06:53:58,482Z WARN  miktex-console.packagemanager - package verification failed: file C:\Users\user\OneDrive\Bilder\Desktop\EmanimStudio\Lib\Miktex\texmfs\install\tpm/packages/miktex-expat-bin-x64-2.9.tpm does not exist
2025-10-29 06:53:58,482Z WARN  miktex-console.packagemanager - miktex-expat-bin-x64-2.9: package is broken
2025-10-29 06:53:58,482Z WARN  miktex-console.packagemanager - package verification failed: file C:\Users\user\OneDrive\Bilder\Desktop\EmanimStudio\Lib\Miktex\texmfs\install\tpm/packages/miktex-ps2pk-bin-x64-2.9.tpm does not exist
2025-10-29 06:53:58,482Z WARN  miktex-console.packagemanager - miktex-ps2pk-bin-x64-2.9: package is broken
2025-10-29 06:53:58,484Z WARN  miktex-console.packagemanager - package verification failed: file C:\Users\user\OneDrive\Bilder\Desktop\EmanimStudio\Lib\Miktex\texmfs\install\tpm/packages/miktex-dvicopy-bin-x64-2.9.tpm does not exist
2025-10-29 06:53:58,484Z WARN  miktex-console.packagemanager - miktex-dvicopy-bin-x64-2.9: package is broken
2025-10-29 06:53:58,485Z WARN  miktex-console.packagemanager - package verification failed: file C:\Users\user\OneDrive\Bilder\Desktop\EmanimStudio\Lib\Miktex\texmfs\install\tpm/packages/miktex-axohelp-bin-x64-2.9.tpm does not exist
2025-10-29 06:53:58,486Z WARN  miktex-console.packagemanager - miktex-axohelp-bin-x64-2.9: package is broken
2025-10-29 06:53:58,487Z WARN  miktex-console.packagemanager - package verification failed: file C:\Users\user\OneDrive\Bilder\Desktop\EmanimStudio\Lib\Miktex\texmfs\install\tpm/packages/miktex-mktex-bin-x64-2.9.tpm does not exist
2025-10-29 06:53:58,487Z WARN  miktex-console.packagemanager - miktex-mktex-bin-x64-2.9: package is broken
2025-10-29 06:53:58,489Z WARN  miktex-console.packagemanager - package verification failed: file C:\Users\user\OneDrive\Bilder\Desktop\EmanimStudio\Lib\Miktex\texmfs\install\tpm/packages/miktex-doc.tpm does not exist
2025-10-29 06:53:58,489Z WARN  miktex-console.packagemanager - miktex-doc: package is broken
2025-10-29 06:53:58,490Z WARN  miktex-console.packagemanager - package verification failed: file C:\Users\user\OneDrive\Bilder\Desktop\EmanimStudio\Lib\Miktex\texmfs\install\tpm/packages/miktex-misc.tpm does not exist
2025-10-29 06:53:58,490Z WARN  miktex-console.packagemanager - miktex-misc: package is broken
2025-10-29 06:53:58,490Z WARN  miktex-console.packagemanager - package verification failed: file C:\Users\user\OneDrive\Bilder\Desktop\EmanimStudio\Lib\Miktex\texmfs\install\tpm/packages/miktex-luatex-bin-x64-2.9.tpm does not exist
2025-10-29 06:53:58,491Z WARN  miktex-console.packagemanager - miktex-luatex-bin-x64-2.9: package is broken
2025-10-29 06:53:58,491Z WARN  miktex-console.packagemanager - package verification failed: file C:\Users\user\OneDrive\Bilder\Desktop\EmanimStudio\Lib\Miktex\texmfs\install\tpm/packages/miktex-patgen-bin-x64.tpm does not exist
2025-10-29 06:53:58,491Z WARN  miktex-console.packagemanager - miktex-patgen-bin-x64: package is broken
2025-10-29 06:53:58,493Z WARN  miktex-console.packagemanager - package verification failed: file C:\Users\user\OneDrive\Bilder\Desktop\EmanimStudio\Lib\Miktex\texmfs\install\tpm/packages/miktex-lua53-bin-x64-2.9.tpm does not exist
2025-10-29 06:53:58,493Z WARN  miktex-console.packagemanager - miktex-lua53-bin-x64-2.9: package is broken
2025-10-29 06:53:58,494Z WARN  miktex-console.packagemanager - package verification failed: file C:\Users\user\OneDrive\Bilder\Desktop\EmanimStudio\Lib\Miktex\texmfs\install\tpm/packages/miktex-m-tx-bin-x64-2.9.tpm does not exist
2025-10-29 06:53:58,494Z WARN  miktex-console.packagemanager - miktex-m-tx-bin-x64-2.9: package is broken
2025-10-29 06:53:58,495Z WARN  miktex-console.packagemanager - package verification failed: file C:\Users\user\OneDrive\Bilder\Desktop\EmanimStudio\Lib\Miktex\texmfs\install\dvips/config/config.ps does not exist
2025-10-29 06:53:58,495Z WARN  miktex-console.packagemanager - miktex-dvips: package is broken
2025-10-29 06:53:58,495Z WARN  miktex-console.packagemanager - package verification failed: file C:\Users\user\OneDrive\Bilder\Desktop\EmanimStudio\Lib\Miktex\texmfs\install\tpm/packages/miktex-texworks-bin-x64-2.9.tpm does not exist
2025-10-29 06:53:58,495Z WARN  miktex-console.packagemanager - miktex-texworks-bin-x64-2.9: package is broken
2025-10-29 06:53:58,497Z WARN  miktex-console.packagemanager - package verification failed: file C:\Users\user\OneDrive\Bilder\Desktop\EmanimStudio\Lib\Miktex\texmfs\install\tpm/packages/miktex-freetype2-bin-x64-2.9.tpm does not exist
2025-10-29 06:53:58,497Z WARN  miktex-console.packagemanager - miktex-freetype2-bin-x64-2.9: package is broken
2025-10-29 06:53:58,497Z WARN  miktex-console.packagemanager - package verification failed: file C:\Users\user\OneDrive\Bilder\Desktop\EmanimStudio\Lib\Miktex\texmfs\install\tpm/packages/miktex-tex-bin-x64-2.9.tpm does not exist
2025-10-29 06:53:58,497Z WARN  miktex-console.packagemanager - miktex-tex-bin-x64-2.9: package is broken
2025-10-29 06:53:58,497Z WARN  miktex-console.packagemanager - package verification failed: file C:\Users\user\OneDrive\Bilder\Desktop\EmanimStudio\Lib\Miktex\texmfs\install\tpm/packages/miktex-pdftex-bin-x64-2.9.tpm does not exist
2025-10-29 06:53:58,497Z WARN  miktex-console.packagemanager - miktex-pdftex-bin-x64-2.9: package is broken
2025-10-29 06:53:58,499Z WARN  miktex-console.packagemanager - package verification failed: file C:\Users\user\OneDrive\Bilder\Desktop\EmanimStudio\Lib\Miktex\texmfs\install\tpm/packages/miktex-icu-bin-x64.tpm does not exist
2025-10-29 06:53:58,499Z WARN  miktex-console.packagemanager - miktex-icu-bin-x64: package is broken
2025-10-29 06:53:58,502Z WARN  miktex-console.packagemanager - package verification failed: file C:\Users\user\OneDrive\Bilder\Desktop\EmanimStudio\Lib\Miktex\texmfs\install\tpm/packages/miktex-hitex-bin-x64.tpm does not exist
2025-10-29 06:53:58,502Z WARN  miktex-console.packagemanager - miktex-hitex-bin-x64: package is broken
2025-10-29 06:53:58,502Z WARN  miktex-console.packagemanager - package verification failed: file C:\Users\user\OneDrive\Bilder\Desktop\EmanimStudio\Lib\Miktex\texmfs\install\tpm/packages/miktex-tex4ht-bin-x64-2.9.tpm does not exist
2025-10-29 06:53:58,502Z WARN  miktex-console.packagemanager - miktex-tex4ht-bin-x64-2.9: package is broken
2025-10-29 06:53:58,502Z WARN  miktex-console.packagemanager - package verification failed: file C:\Users\user\OneDrive\Bilder\Desktop\EmanimStudio\Lib\Miktex\texmfs\install\tpm/packages/miktex-mspack-bin-x64-2.9.tpm does not exist
2025-10-29 06:53:58,502Z WARN  miktex-console.packagemanager - miktex-mspack-bin-x64-2.9: package is broken
2025-10-29 06:53:58,504Z WARN  miktex-console.packagemanager - package verification failed: file C:\Users\user\OneDrive\Bilder\Desktop\EmanimStudio\Lib\Miktex\texmfs\install\tpm/packages/miktex-web-bin-x64-2.9.tpm does not exist
2025-10-29 06:53:58,504Z WARN  miktex-console.packagemanager - miktex-web-bin-x64-2.9: package is broken
2025-10-29 06:53:58,504Z WARN  miktex-console.packagemanager - package verification failed: file C:\Users\user\OneDrive\Bilder\Desktop\EmanimStudio\Lib\Miktex\texmfs\install\tpm/packages/miktex-popt-bin-x64-2.9.tpm does not exist
2025-10-29 06:53:58,504Z WARN  miktex-console.packagemanager - miktex-popt-bin-x64-2.9: package is broken
2025-10-29 06:53:58,505Z WARN  miktex-console.packagemanager - package verification failed: file C:\Users\user\OneDrive\Bilder\Desktop\EmanimStudio\Lib\Miktex\texmfs\install\tpm/packages/miktex-harfbuzz-bin-x64-2.9.tpm does not exist
2025-10-29 06:53:58,505Z WARN  miktex-console.packagemanager - miktex-harfbuzz-bin-x64-2.9: package is broken
2025-10-29 06:53:58,506Z WARN  miktex-console.packagemanager - package verification failed: file C:\Users\user\OneDrive\Bilder\Desktop\EmanimStudio\Lib\Miktex\texmfs\install\tpm/packages/miktex-arctrl-bin-x64-2.9.tpm does not exist
2025-10-29 06:53:58,507Z WARN  miktex-console.packagemanager - miktex-arctrl-bin-x64-2.9: package is broken
2025-10-29 06:53:58,507Z WARN  miktex-console.packagemanager - package verification failed: file C:\Users\user\OneDrive\Bilder\Desktop\EmanimStudio\Lib\Miktex\texmfs\install\tpm/packages/miktex-asymptote-bin-x64-2.9.tpm does not exist
2025-10-29 06:53:58,507Z WARN  miktex-console.packagemanager - miktex-asymptote-bin-x64-2.9: package is broken
2025-10-29 06:53:58,507Z WARN  miktex-console.packagemanager - package verification failed: file C:\Users\user\OneDrive\Bilder\Desktop\EmanimStudio\Lib\Miktex\texmfs\install\tpm/packages/miktex-findtexmf-bin-x64-2.9.tpm does not exist
2025-10-29 06:53:58,508Z WARN  miktex-console.packagemanager - miktex-findtexmf-bin-x64-2.9: package is broken
2025-10-29 06:53:58,508Z WARN  miktex-console.packagemanager - package verification failed: file C:\Users\user\OneDrive\Bilder\Desktop\EmanimStudio\Lib\Miktex\texmfs\install\tpm/packages/miktex-autosp-bin-x64-2.9.tpm does not exist
2025-10-29 06:53:58,508Z WARN  miktex-console.packagemanager - miktex-autosp-bin-x64-2.9: package is broken
2025-10-29 06:53:58,508Z WARN  miktex-console.packagemanager - package verification failed: file C:\Users\user\OneDrive\Bilder\Desktop\EmanimStudio\Lib\Miktex\texmfs\install\tpm/packages/miktex-bibtex-bin-x64-2.9.tpm does not exist
2025-10-29 06:53:58,508Z WARN  miktex-console.packagemanager - miktex-bibtex-bin-x64-2.9: package is broken
2025-10-29 06:53:58,508Z WARN  miktex-console.packagemanager - package verification failed: file C:\Users\user\OneDrive\Bilder\Desktop\EmanimStudio\Lib\Miktex\texmfs\install\tpm/packages/miktex-bibtex8bit-bin-x64-2.9.tpm does not exist
2025-10-29 06:53:58,508Z WARN  miktex-console.packagemanager - miktex-bibtex8bit-bin-x64-2.9: package is broken
2025-10-29 06:53:58,508Z WARN  miktex-console.packagemanager - package verification failed: file C:\Users\user\OneDrive\Bilder\Desktop\EmanimStudio\Lib\Miktex\texmfs\install\tpm/packages/miktex-bzip2-bin-x64-2.9.tpm does not exist
2025-10-29 06:53:58,509Z WARN  miktex-console.packagemanager - miktex-bzip2-bin-x64-2.9: package is broken
2025-10-29 06:53:58,509Z WARN  miktex-console.packagemanager - package verification failed: file C:\Users\user\OneDrive\Bilder\Desktop\EmanimStudio\Lib\Miktex\texmfs\install\tpm/packages/miktex-cairo-bin-x64-2.9.tpm does not exist
2025-10-29 06:53:58,509Z WARN  miktex-console.packagemanager - miktex-cairo-bin-x64-2.9: package is broken
2025-10-29 06:53:58,509Z WARN  miktex-console.packagemanager - package verification failed: file C:\Users\user\OneDrive\Bilder\Desktop\EmanimStudio\Lib\Miktex\texmfs\install\tpm/packages/miktex-config-2.9.tpm does not exist
2025-10-29 06:53:58,509Z WARN  miktex-console.packagemanager - miktex-config-2.9: package is broken
2025-10-29 06:53:58,509Z WARN  miktex-console.packagemanager - package verification failed: file C:\Users\user\OneDrive\Bilder\Desktop\EmanimStudio\Lib\Miktex\texmfs\install\dvipdfm/config/dvipdfmx-unsafe.cfg does not exist
2025-10-29 06:53:58,509Z WARN  miktex-console.packagemanager - miktex-dvipdfmx: package is broken
2025-10-29 06:53:58,509Z WARN  miktex-console.packagemanager - package verification failed: file C:\Users\user\OneDrive\Bilder\Desktop\EmanimStudio\Lib\Miktex\texmfs\install\tpm/packages/miktex-console-bin-x64-2.9.tpm does not exist
2025-10-29 06:53:58,509Z WARN  miktex-console.packagemanager - miktex-console-bin-x64-2.9: package is broken
2025-10-29 06:53:58,510Z WARN  miktex-console.packagemanager - package verification failed: file C:\Users\user\OneDrive\Bilder\Desktop\EmanimStudio\Lib\Miktex\texmfs\install\tpm/packages/miktex-curl-bin-x64-2.9.tpm does not exist
2025-10-29 06:53:58,510Z WARN  miktex-console.packagemanager - miktex-curl-bin-x64-2.9: package is broken
2025-10-29 06:53:58,510Z WARN  miktex-console.packagemanager - package verification failed: file C:\Users\user\OneDrive\Bilder\Desktop\EmanimStudio\Lib\Miktex\texmfs\install\tpm/packages/miktex-devnag-bin-x64-2.9.tpm does not exist
2025-10-29 06:53:58,510Z WARN  miktex-console.packagemanager - miktex-devnag-bin-x64-2.9: package is broken
2025-10-29 06:53:58,510Z WARN  miktex-console.packagemanager - package verification failed: file C:\Users\user\OneDrive\Bilder\Desktop\EmanimStudio\Lib\Miktex\texmfs\install\hunspell/dicts/en-GB.aff does not exist
2025-10-29 06:53:58,510Z WARN  miktex-console.packagemanager - miktex-dict-british: package is broken
2025-10-29 06:53:58,510Z WARN  miktex-console.packagemanager - package verification failed: file C:\Users\user\OneDrive\Bilder\Desktop\EmanimStudio\Lib\Miktex\texmfs\install\hunspell/dicts/de_DE_frami.aff does not exist
2025-10-29 06:53:58,510Z WARN  miktex-console.packagemanager - miktex-dict-german: package is broken
2025-10-29 06:53:58,510Z WARN  miktex-console.packagemanager - package verification failed: file C:\Users\user\OneDrive\Bilder\Desktop\EmanimStudio\Lib\Miktex\texmfs\install\tpm/packages/miktex-dvipdfmx-bin-x64-2.9.tpm does not exist
2025-10-29 06:53:58,510Z WARN  miktex-console.packagemanager - miktex-dvipdfmx-bin-x64-2.9: package is broken
2025-10-29 06:53:58,511Z WARN  miktex-console.packagemanager - package verification failed: file C:\Users\user\OneDrive\Bilder\Desktop\EmanimStudio\Lib\Miktex\texmfs\install\tpm/packages/miktex-dvipng-bin-x64-2.9.tpm does not exist
2025-10-29 06:53:58,511Z WARN  miktex-console.packagemanager - miktex-dvipng-bin-x64-2.9: package is broken
2025-10-29 06:53:58,511Z WARN  miktex-console.packagemanager - package verification failed: file C:\Users\user\OneDrive\Bilder\Desktop\EmanimStudio\Lib\Miktex\texmfs\install\tpm/packages/miktex-epstopdf-bin-x64-2.9.tpm does not exist
2025-10-29 06:53:58,511Z WARN  miktex-console.packagemanager - miktex-epstopdf-bin-x64-2.9: package is broken
2025-10-29 06:53:58,511Z WARN  miktex-console.packagemanager - package verification failed: file C:\Users\user\OneDrive\Bilder\Desktop\EmanimStudio\Lib\Miktex\texmfs\install\tpm/packages/miktex-fmt-bin-x64-2.9.tpm does not exist
2025-10-29 06:53:58,511Z WARN  miktex-console.packagemanager - miktex-fmt-bin-x64-2.9: package is broken
2025-10-29 06:53:58,547Z WARN  miktex-console.packagemanager - package verification failed: file C:\Users\user\OneDrive\Bilder\Desktop\EmanimStudio\Lib\Miktex\texmfs\install\tpm/packages/miktex-fontconfig-bin-x64-2.9.tpm does not exist
2025-10-29 06:53:58,547Z WARN  miktex-console.packagemanager - miktex-fontconfig-bin-x64-2.9: package is broken
2025-10-29 06:53:58,548Z WARN  miktex-console.packagemanager - package verification failed: file C:\Users\user\OneDrive\Bilder\Desktop\EmanimStudio\Lib\Miktex\texmfs\install\tpm/packages/miktex-fonts-bin-x64-2.9.tpm does not exist
2025-10-29 06:53:58,548Z WARN  miktex-console.packagemanager - miktex-fonts-bin-x64-2.9: package is broken
2025-10-29 06:53:58,548Z WARN  miktex-console.packagemanager - package verification failed: file C:\Users\user\OneDrive\Bilder\Desktop\EmanimStudio\Lib\Miktex\texmfs\install\tpm/packages/miktex-freeglut-bin-x64-2.9.tpm does not exist
2025-10-29 06:53:58,548Z WARN  miktex-console.packagemanager - miktex-freeglut-bin-x64-2.9: package is broken
2025-10-29 06:53:58,548Z WARN  miktex-console.packagemanager - package verification failed: file C:\Users\user\OneDrive\Bilder\Desktop\EmanimStudio\Lib\Miktex\texmfs\install\tpm/packages/miktex-graphite2-bin-x64-2.9.tpm does not exist
2025-10-29 06:53:58,548Z WARN  miktex-console.packagemanager - miktex-graphite2-bin-x64-2.9: package is broken
2025-10-29 06:53:58,548Z WARN  miktex-console.packagemanager - package verification failed: file C:\Users\user\OneDrive\Bilder\Desktop\EmanimStudio\Lib\Miktex\texmfs\install\tpm/packages/miktex-gregorio-bin-x64-2.9.tpm does not exist
2025-10-29 06:53:58,548Z WARN  miktex-console.packagemanager - miktex-gregorio-bin-x64-2.9: package is broken
2025-10-29 06:53:58,549Z WARN  miktex-console.packagemanager - package verification failed: file C:\Users\user\OneDrive\Bilder\Desktop\EmanimStudio\Lib\Miktex\texmfs\install\tpm/packages/miktex-gsf2pk-bin-x64-2.9.tpm does not exist
2025-10-29 06:53:58,549Z WARN  miktex-console.packagemanager - miktex-gsf2pk-bin-x64-2.9: package is broken
2025-10-29 06:53:58,549Z WARN  miktex-console.packagemanager - package verification failed: file C:\Users\user\OneDrive\Bilder\Desktop\EmanimStudio\Lib\Miktex\texmfs\install\tpm/packages/miktex-hunspell-bin-x64-2.9.tpm does not exist
2025-10-29 06:53:58,549Z WARN  miktex-console.packagemanager - miktex-hunspell-bin-x64-2.9: package is broken
2025-10-29 06:53:58,549Z WARN  miktex-console.packagemanager - package verification failed: file C:\Users\user\OneDrive\Bilder\Desktop\EmanimStudio\Lib\Miktex\texmfs\install\tpm/packages/miktex-jpeg-bin-x64-2.9.tpm does not exist
2025-10-29 06:53:58,549Z WARN  miktex-console.packagemanager - miktex-jpeg-bin-x64-2.9: package is broken
2025-10-29 06:53:58,549Z WARN  miktex-console.packagemanager - package verification failed: file C:\Users\user\OneDrive\Bilder\Desktop\EmanimStudio\Lib\Miktex\texmfs\install\tpm/packages/miktex-kpathsea-bin-x64-2.9.tpm does not exist
2025-10-29 06:53:58,550Z WARN  miktex-console.packagemanager - miktex-kpathsea-bin-x64-2.9: package is broken
2025-10-29 06:53:58,550Z WARN  miktex-console.packagemanager - package verification failed: file C:\Users\user\OneDrive\Bilder\Desktop\EmanimStudio\Lib\Miktex\texmfs\install\tpm/packages/miktex-lacheck-bin-x64-2.9.tpm does not exist
2025-10-29 06:53:58,550Z WARN  miktex-console.packagemanager - miktex-lacheck-bin-x64-2.9: package is broken
2025-10-29 06:53:58,550Z WARN  miktex-console.packagemanager - package verification failed: file C:\Users\user\OneDrive\Bilder\Desktop\EmanimStudio\Lib\Miktex\texmfs\install\tpm/packages/miktex-lcdf-typetools-bin-x64-2.9.tpm does not exist
2025-10-29 06:53:58,550Z WARN  miktex-console.packagemanager - miktex-lcdf-typetools-bin-x64-2.9: package is broken
2025-10-29 06:53:58,550Z WARN  miktex-console.packagemanager - package verification failed: file C:\Users\user\OneDrive\Bilder\Desktop\EmanimStudio\Lib\Miktex\texmfs\install\tpm/packages/miktex-makeindex-bin-x64-2.9.tpm does not exist
2025-10-29 06:53:58,550Z WARN  miktex-console.packagemanager - miktex-makeindex-bin-x64-2.9: package is broken
2025-10-29 06:53:58,551Z WARN  miktex-console.packagemanager - package verification failed: file C:\Users\user\OneDrive\Bilder\Desktop\EmanimStudio\Lib\Miktex\texmfs\install\tpm/packages/miktex-md5-bin-x64-2.9.tpm does not exist
2025-10-29 06:53:58,551Z WARN  miktex-console.packagemanager - miktex-md5-bin-x64-2.9: package is broken
2025-10-29 06:53:58,561Z WARN  miktex-console.packagemanager - package verification failed: file C:\Users\user\OneDrive\Bilder\Desktop\EmanimStudio\Lib\Miktex\texmfs\install\tpm/packages/miktex-metafont.tpm does not exist
2025-10-29 06:53:58,561Z WARN  miktex-console.packagemanager - miktex-metafont: package is broken
2025-10-29 06:53:58,562Z WARN  miktex-console.packagemanager - package verification failed: file C:\Users\user\OneDrive\Bilder\Desktop\EmanimStudio\Lib\Miktex\texmfs\install\tpm/packages/miktex-metapost-bin-x64-2.9.tpm does not exist
2025-10-29 06:53:58,562Z WARN  miktex-console.packagemanager - miktex-metapost-bin-x64-2.9: package is broken
2025-10-29 06:53:58,562Z WARN  miktex-console.packagemanager - package verification failed: file C:\Users\user\OneDrive\Bilder\Desktop\EmanimStudio\Lib\Miktex\texmfs\install\tpm/packages/miktex-mfware-bin-x64-2.9.tpm does not exist
2025-10-29 06:53:58,562Z WARN  miktex-console.packagemanager - miktex-mfware-bin-x64-2.9: package is broken
2025-10-29 06:53:58,562Z WARN  miktex-console.packagemanager - package verification failed: file C:\Users\user\OneDrive\Bilder\Desktop\EmanimStudio\Lib\Miktex\texmfs\install\tpm/packages/miktex-mo-bin-x64-2.9.tpm does not exist
2025-10-29 06:53:58,562Z WARN  miktex-console.packagemanager - miktex-mo-bin-x64-2.9: package is broken
2025-10-29 06:53:58,563Z WARN  miktex-console.packagemanager - package verification failed: file C:\Users\user\OneDrive\Bilder\Desktop\EmanimStudio\Lib\Miktex\texmfs\install\tpm/packages/miktex-ttf2pk2-bin-x64-2.9.tpm does not exist
2025-10-29 06:53:58,563Z WARN  miktex-console.packagemanager - miktex-ttf2pk2-bin-x64-2.9: package is broken
2025-10-29 06:53:58,563Z WARN  miktex-console.packagemanager - package verification failed: file C:\Users\user\OneDrive\Bilder\Desktop\EmanimStudio\Lib\Miktex\texmfs\install\tpm/packages/miktex-mthelp-bin-x64-2.9.tpm does not exist
2025-10-29 06:53:58,563Z WARN  miktex-console.packagemanager - miktex-mthelp-bin-x64-2.9: package is broken
2025-10-29 06:53:58,563Z WARN  miktex-console.packagemanager - package verification failed: file C:\Users\user\OneDrive\Bilder\Desktop\EmanimStudio\Lib\Miktex\texmfs\install\tpm/packages/miktex-omegaware-bin-x64-2.9.tpm does not exist
2025-10-29 06:53:58,563Z WARN  miktex-console.packagemanager - miktex-omegaware-bin-x64-2.9: package is broken
2025-10-29 06:53:58,588Z WARN  miktex-console.packagemanager - package verification failed: file C:\Users\user\OneDrive\Bilder\Desktop\EmanimStudio\Lib\Miktex\texmfs\install\tpm/packages/miktex-pdftex.tpm does not exist
2025-10-29 06:53:58,588Z WARN  miktex-console.packagemanager - miktex-pdftex: package is broken
2025-10-29 06:53:58,589Z WARN  miktex-console.packagemanager - package verification failed: file C:\Users\user\OneDrive\Bilder\Desktop\EmanimStudio\Lib\Miktex\texmfs\install\tpm/packages/miktex-pmx-bin-x64-2.9.tpm does not exist
2025-10-29 06:53:58,589Z WARN  miktex-console.packagemanager - miktex-pmx-bin-x64-2.9: package is broken
2025-10-29 06:53:58,589Z WARN  miktex-console.packagemanager - package verification failed: file C:\Users\user\OneDrive\Bilder\Desktop\EmanimStudio\Lib\Miktex\texmfs\install\tpm/packages/miktex-png-bin-x64-2.9.tpm does not exist
2025-10-29 06:53:58,589Z WARN  miktex-console.packagemanager - miktex-png-bin-x64-2.9: package is broken
2025-10-29 06:53:58,589Z WARN  miktex-console.packagemanager - package verification failed: file C:\Users\user\OneDrive\Bilder\Desktop\EmanimStudio\Lib\Miktex\texmfs\install\tpm/packages/miktex-poppler-bin-x64-2.9.tpm does not exist
2025-10-29 06:53:58,589Z WARN  miktex-console.packagemanager - miktex-poppler-bin-x64-2.9: package is broken
2025-10-29 06:53:58,590Z WARN  miktex-console.packagemanager - package verification failed: file C:\Users\user\OneDrive\Bilder\Desktop\EmanimStudio\Lib\Miktex\texmfs\install\scripts/psutils/extractres does not exist
2025-10-29 06:53:58,590Z WARN  miktex-console.packagemanager - miktex-psutils-bin-x64-2.9: package is broken
2025-10-29 06:53:58,590Z WARN  miktex-console.packagemanager - package verification failed: file C:\Users\user\OneDrive\Bilder\Desktop\EmanimStudio\Lib\Miktex\texmfs\install\tpm/packages/miktex-ptex-bin-x64.tpm does not exist
2025-10-29 06:53:58,590Z WARN  miktex-console.packagemanager - miktex-ptex-bin-x64: package is broken
2025-10-29 06:53:58,590Z WARN  miktex-console.packagemanager - package verification failed: file C:\Users\user\OneDrive\Bilder\Desktop\EmanimStudio\Lib\Miktex\texmfs\install\tpm/packages/miktex-runtime-bin-x64-2.9.tpm does not exist
2025-10-29 06:53:58,590Z WARN  miktex-console.packagemanager - miktex-runtime-bin-x64-2.9: package is broken
2025-10-29 06:53:58,591Z WARN  miktex-console.packagemanager - package verification failed: file C:\Users\user\OneDrive\Bilder\Desktop\EmanimStudio\Lib\Miktex\texmfs\install\tpm/packages/miktex-synctex-bin-x64-2.9.tpm does not exist
2025-10-29 06:53:58,591Z WARN  miktex-console.packagemanager - miktex-synctex-bin-x64-2.9: package is broken
2025-10-29 06:53:58,591Z WARN  miktex-console.packagemanager - package verification failed: file C:\Users\user\OneDrive\Bilder\Desktop\EmanimStudio\Lib\Miktex\texmfs\install\tpm/packages/miktex-tdsutil-bin-x64.tpm does not exist
2025-10-29 06:53:58,591Z WARN  miktex-console.packagemanager - miktex-tdsutil-bin-x64: package is broken
2025-10-29 06:53:58,604Z WARN  miktex-console.packagemanager - package verification failed: file C:\Users\user\OneDrive\Bilder\Desktop\EmanimStudio\Lib\Miktex\texmfs\install\tpm/packages/miktex-tex.tpm does not exist
2025-10-29 06:53:58,604Z WARN  miktex-console.packagemanager - miktex-tex: package is broken
2025-10-29 06:53:58,605Z WARN  miktex-console.packagemanager - package verification failed: file C:\Users\user\OneDrive\Bilder\Desktop\EmanimStudio\Lib\Miktex\texmfs\install\tex4ht/base/unix/tex4ht.env does not exist
2025-10-29 06:53:58,605Z WARN  miktex-console.packagemanager - miktex-tex4ht: package is broken
2025-10-29 06:53:58,605Z WARN  miktex-console.packagemanager - package verification failed: file C:\Users\user\OneDrive\Bilder\Desktop\EmanimStudio\Lib\Miktex\texmfs\install\tpm/packages/miktex-texware-bin-x64-2.9.tpm does not exist
2025-10-29 06:53:58,605Z WARN  miktex-console.packagemanager - miktex-texware-bin-x64-2.9: package is broken
2025-10-29 06:53:58,673Z WARN  miktex-console.packagemanager - package verification failed: file C:\Users\user\OneDrive\Bilder\Desktop\EmanimStudio\Lib\Miktex\texmfs\install\tpm/packages/miktex-ucrt-bin-x64.tpm does not exist
2025-10-29 06:53:58,673Z WARN  miktex-console.packagemanager - miktex-ucrt-bin-x64: package is broken
2025-10-29 06:53:58,674Z WARN  miktex-console.packagemanager - package verification failed: file C:\Users\user\OneDrive\Bilder\Desktop\EmanimStudio\Lib\Miktex\texmfs\install\tpm/packages/miktex-upmendex-bin-x64.tpm does not exist
2025-10-29 06:53:58,674Z WARN  miktex-console.packagemanager - miktex-upmendex-bin-x64: package is broken
2025-10-29 06:53:58,674Z WARN  miktex-console.packagemanager - package verification failed: file C:\Users\user\OneDrive\Bilder\Desktop\EmanimStudio\Lib\Miktex\texmfs\install\tpm/packages/miktex-uriparser-bin-x64-2.9.tpm does not exist
2025-10-29 06:53:58,674Z WARN  miktex-console.packagemanager - miktex-uriparser-bin-x64-2.9: package is broken
2025-10-29 06:53:58,760Z WARN  miktex-console.packagemanager - package verification failed: file C:\Users\user\OneDrive\Bilder\Desktop\EmanimStudio\Lib\Miktex\texmfs\install\tpm/packages/miktex-vc140-bin-x64.tpm does not exist
2025-10-29 06:53:58,760Z WARN  miktex-console.packagemanager - miktex-vc140-bin-x64: package is broken
2025-10-29 06:53:58,760Z WARN  miktex-console.packagemanager - package verification failed: file C:\Users\user\OneDrive\Bilder\Desktop\EmanimStudio\Lib\Miktex\texmfs\install\tex/latex/latexconfig/xelatex.ini does not exist
2025-10-29 06:53:58,760Z WARN  miktex-console.packagemanager - miktex-xetex: package is broken
2025-10-29 06:53:58,760Z WARN  miktex-console.packagemanager - package verification failed: file C:\Users\user\OneDrive\Bilder\Desktop\EmanimStudio\Lib\Miktex\texmfs\install\tpm/packages/miktex-xetex-bin-x64-2.9.tpm does not exist
2025-10-29 06:53:58,760Z WARN  miktex-console.packagemanager - miktex-xetex-bin-x64-2.9: package is broken
2025-10-29 06:53:58,881Z WARN  miktex-console.packagemanager - package verification failed: file C:\Users\user\OneDrive\Bilder\Desktop\EmanimStudio\Lib\Miktex\texmfs\install\tpm/packages/miktex-xindy-bin-x64.tpm does not exist
2025-10-29 06:53:58,881Z WARN  miktex-console.packagemanager - miktex-xindy-bin-x64: package is broken
2025-10-29 06:53:58,881Z WARN  miktex-console.packagemanager - package verification failed: file C:\Users\user\OneDrive\Bilder\Desktop\EmanimStudio\Lib\Miktex\texmfs\install\tpm/packages/miktex-yap-bin-x64-2.9.tpm does not exist
2025-10-29 06:53:58,881Z WARN  miktex-console.packagemanager - miktex-yap-bin-x64-2.9: package is broken
2025-10-29 06:53:58,943Z WARN  miktex-console.packagemanager - package verification failed: file C:\Users\user\OneDrive\Bilder\Desktop\EmanimStudio\Lib\Miktex\texmfs\install\tpm/packages/miktex-zip-bin-x64.tpm does not exist
2025-10-29 06:53:58,943Z WARN  miktex-console.packagemanager - miktex-zip-bin-x64: package is broken
2025-10-29 06:53:58,943Z WARN  miktex-console.packagemanager - package verification failed: file C:\Users\user\OneDrive\Bilder\Desktop\EmanimStudio\Lib\Miktex\texmfs\install\tpm/packages/miktex-zzip-bin-x64-2.9.tpm does not exist
2025-10-29 06:53:58,943Z WARN  miktex-console.packagemanager - miktex-zzip-bin-x64-2.9: package is broken
2025-10-29 06:53:59,009Z INFO  miktex-console.packagemanager - ms: package is obsolete
2025-10-29 06:53:59,010Z INFO  miktex-console.packagemanager - miktex-mpfr-bin-x64-2.9: package is obsolete
2025-10-29 06:53:59,044Z INFO  mainwindow - found 137 updates
2025-10-29 06:53:59,075Z INFO  miktex-console.core - start process: pdftex --miktex-disable-installer --miktex-disable-maintenance --miktex-disable-diagnose --version
2025-10-29 06:53:59,639Z ERROR miktex-console.core - Something is wrong with the PATH:
2025-10-29 06:53:59,639Z ERROR miktex-console.core - C:\Program Files\Python313\Scripts\;C:\Program Files\Python313\;C:\WINDOWS\system32;C:\WINDOWS;C:\WINDOWS\System32\Wbem;C:\WINDOWS\System32\WindowsPowerShell\v1.0\;C:\WINDOWS\System32\OpenSSH\;C:\ProgramData\chocolatey\bin;C:\Program Files\Git\cmd;C:\Program Files\Git LFS;C:\Python31210_temp\Scripts\;C:\Python31210_temp\;C:\Users\user\AppData\Local\Programs\Python\Python312\Scripts\;C:\Users\user\AppData\Local\Programs\Python\Python312\;C:\Users\user\AppData\Local\com.Langflow\uv;C:\Users\user\.local\bin;C:\Users\user\miniconda3;C:\Users\user\miniconda3\Library\mingw-w64\bin;C:\Users\user\miniconda3\Library\usr\bin;C:\Users\user\miniconda3\Library\bin;C:\Users\user\miniconda3\Scripts;C:\Users\user\AppData\Local\Microsoft\WindowsApps;C:\Users\user\AppData\Local\Programs\MiKTeX\miktex\bin\x64\;C:\Users\user\AppData\Local\Programs\Microsoft VS Code\bin;C:\Users\user\AppData\Roaming\Python\Python313\Scripts
2025-10-29 06:53:59,845Z FATAL miktex-console.core - internal error
2025-10-29 06:53:59,845Z FATAL miktex-console.core - Data: 
2025-10-29 06:53:59,845Z FATAL miktex-console.core - Source: Libraries\MiKTeX\Core\Session\papersize.cpp:243
2025-10-29 06:53:59,845Z ERROR mainwindow - Libraries\MiKTeX\Core\Session\papersize.cpp:243: internal error()
2025-10-29 06:54:31,230Z WARN  main - session.use_count() == 7
2025-10-29 06:54:31,231Z INFO  main - finishing with exit code 0
