2025-10-20 08:47:28,782Z INFO  miktex - this is One MiKTeX Utility 1.9 (MiKTeX 24.1 Portable)
2025-10-20 08:47:28,783Z INFO  miktex - this process (16540) started by miktex-portable.exe in directory C:\Users\user\OneDrive\Bilder\Desktop\EmanimStudio with command line: miktex --disable-installer --verbose fndb remove
2025-10-20 08:47:28,783Z INFO  miktex - Removing C:\Users\user\OneDrive\Bilder\Desktop\EmanimStudio\Miktex\texmfs\config\miktex\data\le\texmf.fndb-5...
2025-10-20 08:47:28,784Z ERROR miktex.core - The system cannot find the path specified.

2025-10-20 08:47:28,784Z ERROR miktex.core - Function: GetFileAttributesW
2025-10-20 08:47:28,785Z ERROR miktex.core - Result: 3
2025-10-20 08:47:28,785Z ERROR miktex.core - Data: path="C:\Users\user\OneDrive\Bilder\Desktop\EmanimStudio\Miktex\texmfs/config\miktex/data/le\texmf.fndb-5"
2025-10-20 08:47:28,786Z ERROR miktex.core - Source: Libraries\MiKTeX\Core\File\win\winFile.cpp:132
2025-10-20 08:47:28,787Z FATAL miktex - Windows API error 3: The system cannot find the path specified.

2025-10-20 08:47:28,787Z FATAL miktex - Info: path="C:\Users\user\OneDrive\Bilder\Desktop\EmanimStudio\Miktex\texmfs/config\miktex/data/le\texmf.fndb-5"
2025-10-20 08:47:28,787Z FATAL miktex - Source: Libraries\MiKTeX\Core\File\win\winFile.cpp
2025-10-20 08:47:28,787Z FATAL miktex - Line: 132
2025-10-20 08:47:28,789Z INFO  miktex - this process (16540) finishes with exit code 1
2025-10-20 08:47:30,213Z INFO  miktex - this is One MiKTeX Utility 1.9 (MiKTeX 24.1 Portable)
2025-10-20 08:47:30,213Z INFO  miktex - this process (21056) started by miktex-portable.exe in directory C:\Users\user\OneDrive\Bilder\Desktop\EmanimStudio with command line: miktex --disable-installer --verbose fndb refresh
2025-10-20 08:47:30,214Z INFO  miktex - Creating FNDB for common root directory (C:\Users\user\OneDrive\Bilder\Desktop\EmanimStudio\Miktex\texmfs\config)...
2025-10-20 08:47:30,284Z INFO  miktex - Creating FNDB for common root directory (C:\Users\user\OneDrive\Bilder\Desktop\EmanimStudio\Miktex\texmfs\data)...
2025-10-20 08:47:30,309Z INFO  miktex - Creating FNDB for common root directory (C:\Users\user\OneDrive\Bilder\Desktop\EmanimStudio\Miktex\texmfs\install)...
2025-10-20 08:47:37,120Z WARN  miktex.packagemanager - dependency problem: showframe is required by _miktex-latex-packages
2025-10-20 08:47:37,121Z WARN  miktex.packagemanager - dependency problem: thailatex is required by _miktex-latex-packages
2025-10-20 08:47:37,124Z WARN  miktex.packagemanager - dependency problem: luxi is required by _miktex-fonts-type1
2025-10-20 08:47:37,228Z INFO  miktex - Refreshing FNDB for MPM...
2025-10-20 08:47:43,748Z INFO  miktex - this process (21056) finishes with exit code 0
2025-10-20 08:47:44,205Z INFO  miktex - this is One MiKTeX Utility 1.9 (MiKTeX 24.1 Portable)
2025-10-20 08:47:44,206Z INFO  miktex - this process (2360) started by miktex-portable.exe in directory C:\Users\user\OneDrive\Bilder\Desktop\EmanimStudio with command line: miktex --disable-installer --verbose links install --force
2025-10-20 08:47:44,206Z INFO  miktex - Installing links in target directory C:\Users\user\OneDrive\Bilder\Desktop\EmanimStudio\Miktex\texmfs\install\miktex\bin\x64...
2025-10-20 08:47:46,377Z INFO  miktex - this process (2360) finishes with exit code 0
2025-10-20 08:47:46,757Z INFO  miktex - this is One MiKTeX Utility 1.9 (MiKTeX 24.1 Portable)
2025-10-20 08:47:46,757Z INFO  miktex - this process (17072) started by miktex-portable.exe in directory C:\Users\user\OneDrive\Bilder\Desktop\EmanimStudio with command line: miktex --disable-installer --verbose fontmaps configure
2025-10-20 08:47:46,758Z INFO  miktex - Parsing configuration file C:\Users\user\OneDrive\Bilder\Desktop\EmanimStudio\Miktex\texmfs\install\miktex/config\updmap.cfg...
2025-10-20 08:47:46,954Z INFO  miktex - Writing C:\Users\user\OneDrive\Bilder\Desktop\EmanimStudio\Miktex\texmfs/data\fonts\map\dvipdfmx\kanjix.map...
2025-10-20 08:47:46,962Z INFO  miktex - Writing C:\Users\user\OneDrive\Bilder\Desktop\EmanimStudio\Miktex\texmfs/data\fonts\map\dvips\builtin35.map...
2025-10-20 08:47:46,970Z INFO  miktex - Writing C:\Users\user\OneDrive\Bilder\Desktop\EmanimStudio\Miktex\texmfs/data\fonts\map\dvips\download35.map...
2025-10-20 08:47:46,979Z INFO  miktex - Writing C:\Users\user\OneDrive\Bilder\Desktop\EmanimStudio\Miktex\texmfs/data\fonts\map\dvips\ps2pk.map...
2025-10-20 08:47:46,997Z INFO  miktex - Writing C:\Users\user\OneDrive\Bilder\Desktop\EmanimStudio\Miktex\texmfs/data\fonts\map\dvips\psfonts_pk.map...
2025-10-20 08:47:47,013Z INFO  miktex - Writing C:\Users\user\OneDrive\Bilder\Desktop\EmanimStudio\Miktex\texmfs/data\fonts\map\dvips\psfonts_t1.map...
2025-10-20 08:47:47,029Z INFO  miktex - Writing C:\Users\user\OneDrive\Bilder\Desktop\EmanimStudio\Miktex\texmfs/data\fonts\map\pdftex\pdftex_dl14.map...
2025-10-20 08:47:47,048Z INFO  miktex - Writing C:\Users\user\OneDrive\Bilder\Desktop\EmanimStudio\Miktex\texmfs/data\fonts\map\pdftex\pdftex_ndl14.map...
2025-10-20 08:47:47,064Z INFO  miktex - Copying C:\Users\user\OneDrive\Bilder\Desktop\EmanimStudio\Miktex\texmfs/data\fonts\map\dvips\psfonts_t1.map
2025-10-20 08:47:47,064Z INFO  miktex -      to C:\Users\user\OneDrive\Bilder\Desktop\EmanimStudio\Miktex\texmfs/data\fonts\map\dvips\psfonts.map...
2025-10-20 08:47:47,071Z INFO  miktex - Copying C:\Users\user\OneDrive\Bilder\Desktop\EmanimStudio\Miktex\texmfs/data\fonts\map\pdftex\pdftex_dl14.map
2025-10-20 08:47:47,072Z INFO  miktex -      to C:\Users\user\OneDrive\Bilder\Desktop\EmanimStudio\Miktex\texmfs/data\fonts\map\pdftex\pdftex.map...
2025-10-20 08:47:47,090Z INFO  miktex - running: miktex-fc-cache --verbose --miktex-disable-maintenance --miktex-disable-diagnose
2025-10-20 08:47:47,090Z INFO  miktex.core - start process: miktex-fc-cache --verbose --miktex-disable-maintenance --miktex-disable-diagnose
2025-10-20 08:48:00,331Z INFO  miktex - C:/Users/user/AppData/Local/Microsoft/Windows/Fonts: skipping, existing cache is valid: 12 fonts, 0 dirs
2025-10-20 08:48:00,332Z INFO  miktex - C:/WINDOWS/Fonts: skipping, existing cache is valid: 1038 fonts, 0 dirs
2025-10-20 08:48:00,336Z INFO  miktex - C:/Users/user/OneDrive/Bilder/Desktop/EmanimStudio/Miktex/texmfs/install/fonts/opentype: skipping, existing cache is valid: 0 fonts, 1 dirs
2025-10-20 08:48:00,339Z INFO  miktex - C:/Users/user/OneDrive/Bilder/Desktop/EmanimStudio/Miktex/texmfs/install/fonts/opentype/public: skipping, existing cache is valid: 0 fonts, 1 dirs
2025-10-20 08:48:00,343Z INFO  miktex - C:/Users/user/OneDrive/Bilder/Desktop/EmanimStudio/Miktex/texmfs/install/fonts/opentype/public/lm: skipping, existing cache is valid: 72 fonts, 0 dirs
2025-10-20 08:48:00,343Z INFO  miktex - C:/Users/user/.local/share/fonts: skipping, no such directory
2025-10-20 08:48:00,344Z INFO  miktex - C:/Users/user/.fonts: skipping, no such directory
2025-10-20 08:48:00,344Z INFO  miktex - C:/Users/user/OneDrive/Bilder/Desktop/EmanimStudio/Miktex/texmfs/install/fonts/opentype/public: skipping, looped directory detected
2025-10-20 08:48:00,468Z INFO  miktex - C:/Users/user/OneDrive/Bilder/Desktop/EmanimStudio/Miktex/texmfs/install/fonts/opentype/public/lm: skipping, looped directory detected
2025-10-20 08:48:00,468Z INFO  miktex - C:/Users/user/OneDrive/Bilder/Desktop/EmanimStudio/Miktex/texmfs/data/fontconfig/cache: cleaning cache directory
2025-10-20 08:48:00,468Z INFO  miktex - C:/Users/user/.cache/fontconfig: not cleaning non-existent cache directory
2025-10-20 08:48:00,468Z INFO  miktex - C:/Users/user/.fontconfig: not cleaning non-existent cache directory
2025-10-20 08:48:00,472Z INFO  miktex - miktex-fc-cache: succeeded
2025-10-20 08:48:00,480Z WARN  miktex.core - still open: C:\Users\user\OneDrive\Bilder\Desktop\EmanimStudio\Miktex\texmfs\install\fontconfig/config\fonts.conf.in
2025-10-20 08:48:00,480Z WARN  miktex.core - still open: C:\Users\user\OneDrive\Bilder\Desktop\EmanimStudio\Miktex\texmfs/config\fontconfig\config\fonts.conf
2025-10-20 08:48:00,480Z INFO  miktex - this process (17072) finishes with exit code 0
2025-10-20 08:48:01,109Z INFO  miktex - this is One MiKTeX Utility 1.9 (MiKTeX 24.1 Portable)
2025-10-20 08:48:01,109Z INFO  miktex - this process (8580) started by miktex-portable.exe in directory C:\Users\user\OneDrive\Bilder\Desktop\EmanimStudio with command line: miktex --disable-installer --verbose languages configure
2025-10-20 08:48:01,110Z INFO  miktex - Creating language.dat, language.dat.lua and language.def...
2025-10-20 08:48:01,296Z INFO  miktex - this process (8580) finishes with exit code 0
2025-10-20 08:48:03,596Z INFO  miktex - this is One MiKTeX Utility 1.9 (MiKTeX 24.1 Portable)
2025-10-20 08:48:03,597Z INFO  miktex - this process (21120) started by miktex-portable.exe in directory C:\Users\user\OneDrive\Bilder\Desktop\EmanimStudio with command line: miktex --disable-installer --verbose fndb refresh
2025-10-20 08:48:03,690Z INFO  miktex - Creating FNDB for common root directory (C:\Users\user\OneDrive\Bilder\Desktop\EmanimStudio\Miktex\texmfs\config)...
2025-10-20 08:48:03,741Z INFO  miktex - Creating FNDB for common root directory (C:\Users\user\OneDrive\Bilder\Desktop\EmanimStudio\Miktex\texmfs\data)...
2025-10-20 08:48:03,780Z INFO  miktex - Creating FNDB for common root directory (C:\Users\user\OneDrive\Bilder\Desktop\EmanimStudio\Miktex\texmfs\install)...
2025-10-20 08:48:09,652Z WARN  miktex.packagemanager - dependency problem: showframe is required by _miktex-latex-packages
2025-10-20 08:48:09,653Z WARN  miktex.packagemanager - dependency problem: thailatex is required by _miktex-latex-packages
2025-10-20 08:48:09,657Z WARN  miktex.packagemanager - dependency problem: luxi is required by _miktex-fonts-type1
2025-10-20 08:48:09,818Z INFO  miktex - Refreshing FNDB for MPM...
2025-10-20 08:48:16,031Z INFO  miktex - this process (21120) finishes with exit code 0
2025-10-23 00:49:53,289Z INFO  miktex - this is One MiKTeX Utility 1.9 (MiKTeX 24.1 Portable)
2025-10-23 00:49:53,290Z INFO  miktex - this process (12296) started by miktex-console in directory C:\Users\user\OneDrive\Bilder\Desktop\EmanimStudio\Miktex with command line: miktex fontmaps configure
2025-10-23 00:49:53,292Z INFO  miktex - Parsing configuration file C:\Users\user\OneDrive\Bilder\Desktop\EmanimStudio\Miktex\texmfs\install\miktex/config\updmap.cfg...
2025-10-23 00:49:53,897Z INFO  miktex - Writing C:\Users\user\OneDrive\Bilder\Desktop\EmanimStudio\Miktex\texmfs/data\fonts\map\dvipdfmx\kanjix.map...
2025-10-23 00:49:53,900Z INFO  miktex - Writing C:\Users\user\OneDrive\Bilder\Desktop\EmanimStudio\Miktex\texmfs/data\fonts\map\dvips\builtin35.map...
2025-10-23 00:49:53,906Z INFO  miktex - Writing C:\Users\user\OneDrive\Bilder\Desktop\EmanimStudio\Miktex\texmfs/data\fonts\map\dvips\download35.map...
2025-10-23 00:49:53,913Z INFO  miktex - Writing C:\Users\user\OneDrive\Bilder\Desktop\EmanimStudio\Miktex\texmfs/data\fonts\map\dvips\ps2pk.map...
2025-10-23 00:49:53,931Z INFO  miktex - Writing C:\Users\user\OneDrive\Bilder\Desktop\EmanimStudio\Miktex\texmfs/data\fonts\map\dvips\psfonts_pk.map...
2025-10-23 00:49:53,940Z INFO  miktex - Writing C:\Users\user\OneDrive\Bilder\Desktop\EmanimStudio\Miktex\texmfs/data\fonts\map\dvips\psfonts_t1.map...
2025-10-23 00:49:53,949Z INFO  miktex - Writing C:\Users\user\OneDrive\Bilder\Desktop\EmanimStudio\Miktex\texmfs/data\fonts\map\pdftex\pdftex_dl14.map...
2025-10-23 00:49:53,958Z INFO  miktex - Writing C:\Users\user\OneDrive\Bilder\Desktop\EmanimStudio\Miktex\texmfs/data\fonts\map\pdftex\pdftex_ndl14.map...
2025-10-23 00:49:53,969Z INFO  miktex - Copying C:\Users\user\OneDrive\Bilder\Desktop\EmanimStudio\Miktex\texmfs/data\fonts\map\dvips\psfonts_t1.map
2025-10-23 00:49:53,970Z INFO  miktex -      to C:\Users\user\OneDrive\Bilder\Desktop\EmanimStudio\Miktex\texmfs/data\fonts\map\dvips\psfonts.map...
2025-10-23 00:49:53,974Z INFO  miktex - Copying C:\Users\user\OneDrive\Bilder\Desktop\EmanimStudio\Miktex\texmfs/data\fonts\map\pdftex\pdftex_dl14.map
2025-10-23 00:49:53,974Z INFO  miktex -      to C:\Users\user\OneDrive\Bilder\Desktop\EmanimStudio\Miktex\texmfs/data\fonts\map\pdftex\pdftex.map...
2025-10-23 00:49:54,006Z INFO  miktex - running: miktex-fc-cache --miktex-disable-maintenance --miktex-disable-diagnose
2025-10-23 00:49:54,006Z INFO  miktex.core - start process: miktex-fc-cache --miktex-disable-maintenance --miktex-disable-diagnose
2025-10-23 00:49:55,246Z WARN  miktex.core - still open: C:\Users\user\OneDrive\Bilder\Desktop\EmanimStudio\Miktex\texmfs\install\fontconfig/config\fonts.conf.in
2025-10-23 00:49:55,246Z WARN  miktex.core - still open: C:\Users\user\OneDrive\Bilder\Desktop\EmanimStudio\Miktex\texmfs/config\fontconfig\config\fonts.conf
2025-10-23 00:49:55,247Z INFO  miktex - this process (12296) finishes with exit code 0
2025-10-24 09:50:06,122Z INFO  miktex - this is One MiKTeX Utility 1.9 (MiKTeX 24.1 Portable)
2025-10-24 09:50:06,123Z INFO  miktex - this process (24392) started by pdflatex in directory C:\Users\user\AppData\Local\Temp with command line: miktex --enable-installer formats build pdflatex --engine pdftex
2025-10-24 09:50:06,150Z INFO  miktex - Building format 'pdflatex' with engine 'pdftex'...
2025-10-24 09:50:06,153Z INFO  miktex.core - start process: miktex-makefmt.exe --engine=pdftex --dest-name=pdflatex --no-dump pdflatex.ini --engine-option=-tcx=cp227.tcx --enable-installer --miktex-disable-maintenance --miktex-disable-diagnose
2025-10-24 09:50:17,292Z INFO  miktex - this is One MiKTeX Utility 1.9 (MiKTeX 24.1 Portable)
2025-10-24 09:50:17,293Z INFO  miktex - this process (22724) started by miktex-makefmt in directory C:\Users\user\AppData\Local\Temp with command line: miktex fontmaps configure
2025-10-24 09:50:17,295Z INFO  miktex - Parsing configuration file C:\Users\user\OneDrive\Bilder\Desktop\EmanimStudio\Lib\Miktex\texmfs\install\miktex/config\updmap.cfg...
2025-10-24 09:50:17,928Z INFO  miktex - Writing C:\Users\user\OneDrive\Bilder\Desktop\EmanimStudio\Lib\Miktex\texmfs/data\fonts\map\dvipdfmx\kanjix.map...
2025-10-24 09:50:17,930Z INFO  miktex - Writing C:\Users\user\OneDrive\Bilder\Desktop\EmanimStudio\Lib\Miktex\texmfs/data\fonts\map\dvips\builtin35.map...
2025-10-24 09:50:17,936Z INFO  miktex - Writing C:\Users\user\OneDrive\Bilder\Desktop\EmanimStudio\Lib\Miktex\texmfs/data\fonts\map\dvips\download35.map...
2025-10-24 09:50:17,942Z INFO  miktex - Writing C:\Users\user\OneDrive\Bilder\Desktop\EmanimStudio\Lib\Miktex\texmfs/data\fonts\map\dvips\ps2pk.map...
2025-10-24 09:50:17,955Z INFO  miktex - Writing C:\Users\user\OneDrive\Bilder\Desktop\EmanimStudio\Lib\Miktex\texmfs/data\fonts\map\dvips\psfonts_pk.map...
2025-10-24 09:50:17,967Z INFO  miktex - Writing C:\Users\user\OneDrive\Bilder\Desktop\EmanimStudio\Lib\Miktex\texmfs/data\fonts\map\dvips\psfonts_t1.map...
2025-10-24 09:50:17,980Z INFO  miktex - Writing C:\Users\user\OneDrive\Bilder\Desktop\EmanimStudio\Lib\Miktex\texmfs/data\fonts\map\pdftex\pdftex_dl14.map...
2025-10-24 09:50:17,993Z INFO  miktex - Writing C:\Users\user\OneDrive\Bilder\Desktop\EmanimStudio\Lib\Miktex\texmfs/data\fonts\map\pdftex\pdftex_ndl14.map...
2025-10-24 09:50:18,008Z INFO  miktex - Copying C:\Users\user\OneDrive\Bilder\Desktop\EmanimStudio\Lib\Miktex\texmfs/data\fonts\map\dvips\psfonts_t1.map
2025-10-24 09:50:18,009Z INFO  miktex -      to C:\Users\user\OneDrive\Bilder\Desktop\EmanimStudio\Lib\Miktex\texmfs/data\fonts\map\dvips\psfonts.map...
2025-10-24 09:50:18,013Z INFO  miktex - Copying C:\Users\user\OneDrive\Bilder\Desktop\EmanimStudio\Lib\Miktex\texmfs/data\fonts\map\pdftex\pdftex_dl14.map
2025-10-24 09:50:18,013Z INFO  miktex -      to C:\Users\user\OneDrive\Bilder\Desktop\EmanimStudio\Lib\Miktex\texmfs/data\fonts\map\pdftex\pdftex.map...
2025-10-24 09:50:18,017Z INFO  miktex - installing package miktex-fontconfig triggered by fontconfig/config\fonts.conf.in
2025-10-24 09:50:18,017Z INFO  miktex - Installing package miktex-fontconfig...
2025-10-24 09:50:18,021Z INFO  miktex.packagemanager - going to download https://api2.miktex.org/repositories?&releaseState=Stable&orderBy=ranking&take=1&onlySecure=true
2025-10-24 09:50:18,715Z INFO  miktex - starting package maintenance...
2025-10-24 09:50:18,715Z INFO  miktex - installation directory: C:\Users\user\OneDrive\Bilder\Desktop\EmanimStudio\Lib\Miktex\texmfs\install
2025-10-24 09:50:18,715Z INFO  miktex - package repository: https://us.mirrors.cicku.me/ctan/systems/win32/miktex/tm/packages/
2025-10-24 09:50:20,598Z WARN  miktex.packagemanager - dependency problem: showframe is required by _miktex-latex-packages
2025-10-24 09:50:20,598Z WARN  miktex.packagemanager - dependency problem: thailatex is required by _miktex-latex-packages
2025-10-24 09:50:20,601Z WARN  miktex.packagemanager - dependency problem: luxi is required by _miktex-fonts-type1
2025-10-24 09:50:21,360Z INFO  miktex - package repository digest: 07d216472d9d0750319978209123ac5a
2025-10-24 09:50:21,360Z INFO  miktex - going to download 3555 bytes
2025-10-24 09:50:21,360Z INFO  miktex - going to install 3 file(s) (1 package(s))
2025-10-24 09:50:22,537Z INFO  miktex.packagemanager - installing package miktex-fontconfig
2025-10-24 09:50:22,538Z INFO  miktex - downloading https://us.mirrors.cicku.me/ctan/systems/win32/miktex/tm/packages/miktex-fontconfig.tar.lzma...
2025-10-24 09:50:22,539Z INFO  miktex.packagemanager - going to download https://us.mirrors.cicku.me/ctan/systems/win32/miktex/tm/packages/miktex-fontconfig.tar.lzma
2025-10-24 09:50:23,831Z INFO  miktex - 0.00 MB, 0.02 Mbit/s
2025-10-24 09:50:23,864Z INFO  miktex - extracting files from miktex-fontconfig.tar.lzma...
2025-10-24 09:50:25,039Z INFO  miktex - running: miktex-fc-cache --miktex-disable-maintenance --miktex-disable-diagnose
2025-10-24 09:50:25,039Z INFO  miktex.core - start process: miktex-fc-cache --miktex-disable-maintenance --miktex-disable-diagnose
2025-10-24 09:50:33,628Z WARN  miktex.core - still open: C:\Users\user\OneDrive\Bilder\Desktop\EmanimStudio\Lib\Miktex\texmfs\install\fontconfig/config\fonts.conf.in
2025-10-24 09:50:33,628Z WARN  miktex.core - still open: C:\Users\user\OneDrive\Bilder\Desktop\EmanimStudio\Lib\Miktex\texmfs/config\fontconfig\config\fonts.conf
2025-10-24 09:50:33,682Z INFO  miktex - this process (22724) finishes with exit code 0
2025-10-24 09:50:43,458Z INFO  miktex - this is One MiKTeX Utility 1.9 (MiKTeX 24.1 Portable)
2025-10-24 09:50:43,459Z INFO  miktex - this process (5244) started by miktex-pdftex in directory C:\Users\user\AppData\Local\Temp\mik51546 with command line: miktex fontmaps configure
2025-10-24 09:50:43,460Z INFO  miktex - Parsing configuration file C:\Users\user\OneDrive\Bilder\Desktop\EmanimStudio\Lib\Miktex\texmfs\install\miktex/config\updmap.cfg...
2025-10-24 09:50:43,871Z INFO  miktex - Writing C:\Users\user\OneDrive\Bilder\Desktop\EmanimStudio\Lib\Miktex\texmfs/data\fonts\map\dvipdfmx\kanjix.map...
2025-10-24 09:50:43,873Z INFO  miktex - Writing C:\Users\user\OneDrive\Bilder\Desktop\EmanimStudio\Lib\Miktex\texmfs/data\fonts\map\dvips\builtin35.map...
2025-10-24 09:50:43,877Z INFO  miktex - Writing C:\Users\user\OneDrive\Bilder\Desktop\EmanimStudio\Lib\Miktex\texmfs/data\fonts\map\dvips\download35.map...
2025-10-24 09:50:43,881Z INFO  miktex - Writing C:\Users\user\OneDrive\Bilder\Desktop\EmanimStudio\Lib\Miktex\texmfs/data\fonts\map\dvips\ps2pk.map...
2025-10-24 09:50:43,894Z INFO  miktex - Writing C:\Users\user\OneDrive\Bilder\Desktop\EmanimStudio\Lib\Miktex\texmfs/data\fonts\map\dvips\psfonts_pk.map...
2025-10-24 09:50:43,906Z INFO  miktex - Writing C:\Users\user\OneDrive\Bilder\Desktop\EmanimStudio\Lib\Miktex\texmfs/data\fonts\map\dvips\psfonts_t1.map...
2025-10-24 09:50:43,917Z INFO  miktex - Writing C:\Users\user\OneDrive\Bilder\Desktop\EmanimStudio\Lib\Miktex\texmfs/data\fonts\map\pdftex\pdftex_dl14.map...
2025-10-24 09:50:43,934Z INFO  miktex - Writing C:\Users\user\OneDrive\Bilder\Desktop\EmanimStudio\Lib\Miktex\texmfs/data\fonts\map\pdftex\pdftex_ndl14.map...
2025-10-24 09:50:43,954Z INFO  miktex - Copying C:\Users\user\OneDrive\Bilder\Desktop\EmanimStudio\Lib\Miktex\texmfs/data\fonts\map\dvips\psfonts_t1.map
2025-10-24 09:50:43,955Z INFO  miktex -      to C:\Users\user\OneDrive\Bilder\Desktop\EmanimStudio\Lib\Miktex\texmfs/data\fonts\map\dvips\psfonts.map...
2025-10-24 09:50:43,959Z INFO  miktex - Copying C:\Users\user\OneDrive\Bilder\Desktop\EmanimStudio\Lib\Miktex\texmfs/data\fonts\map\pdftex\pdftex_dl14.map
2025-10-24 09:50:43,959Z INFO  miktex -      to C:\Users\user\OneDrive\Bilder\Desktop\EmanimStudio\Lib\Miktex\texmfs/data\fonts\map\pdftex\pdftex.map...
2025-10-24 09:50:43,976Z INFO  miktex - running: miktex-fc-cache --miktex-disable-maintenance --miktex-disable-diagnose
2025-10-24 09:50:43,977Z INFO  miktex.core - start process: miktex-fc-cache --miktex-disable-maintenance --miktex-disable-diagnose
2025-10-24 09:50:44,648Z WARN  miktex.core - still open: C:\Users\user\OneDrive\Bilder\Desktop\EmanimStudio\Lib\Miktex\texmfs\install\fontconfig/config\fonts.conf.in
2025-10-24 09:50:44,648Z WARN  miktex.core - still open: C:\Users\user\OneDrive\Bilder\Desktop\EmanimStudio\Lib\Miktex\texmfs/config\fontconfig\config\fonts.conf
2025-10-24 09:50:44,648Z INFO  miktex - this process (5244) finishes with exit code 0
2025-10-24 09:51:09,854Z INFO  miktex - this is One MiKTeX Utility 1.9 (MiKTeX 24.1 Portable)
2025-10-24 09:51:09,855Z INFO  miktex - this process (21688) started by miktex-pdftex in directory C:\Users\user\AppData\Local\Temp\mik51546 with command line: miktex fontmaps configure
2025-10-24 09:51:09,856Z INFO  miktex - Parsing configuration file C:\Users\user\OneDrive\Bilder\Desktop\EmanimStudio\Lib\Miktex\texmfs\install\miktex/config\updmap.cfg...
2025-10-24 09:51:10,303Z INFO  miktex - Writing C:\Users\user\OneDrive\Bilder\Desktop\EmanimStudio\Lib\Miktex\texmfs/data\fonts\map\dvipdfmx\kanjix.map...
2025-10-24 09:51:10,305Z INFO  miktex - Writing C:\Users\user\OneDrive\Bilder\Desktop\EmanimStudio\Lib\Miktex\texmfs/data\fonts\map\dvips\builtin35.map...
2025-10-24 09:51:10,310Z INFO  miktex - Writing C:\Users\user\OneDrive\Bilder\Desktop\EmanimStudio\Lib\Miktex\texmfs/data\fonts\map\dvips\download35.map...
2025-10-24 09:51:10,316Z INFO  miktex - Writing C:\Users\user\OneDrive\Bilder\Desktop\EmanimStudio\Lib\Miktex\texmfs/data\fonts\map\dvips\ps2pk.map...
2025-10-24 09:51:10,335Z INFO  miktex - Writing C:\Users\user\OneDrive\Bilder\Desktop\EmanimStudio\Lib\Miktex\texmfs/data\fonts\map\dvips\psfonts_pk.map...
2025-10-24 09:51:10,347Z INFO  miktex - Writing C:\Users\user\OneDrive\Bilder\Desktop\EmanimStudio\Lib\Miktex\texmfs/data\fonts\map\dvips\psfonts_t1.map...
2025-10-24 09:51:10,361Z INFO  miktex - Writing C:\Users\user\OneDrive\Bilder\Desktop\EmanimStudio\Lib\Miktex\texmfs/data\fonts\map\pdftex\pdftex_dl14.map...
2025-10-24 09:51:10,377Z INFO  miktex - Writing C:\Users\user\OneDrive\Bilder\Desktop\EmanimStudio\Lib\Miktex\texmfs/data\fonts\map\pdftex\pdftex_ndl14.map...
2025-10-24 09:51:10,395Z INFO  miktex - Copying C:\Users\user\OneDrive\Bilder\Desktop\EmanimStudio\Lib\Miktex\texmfs/data\fonts\map\dvips\psfonts_t1.map
2025-10-24 09:51:10,395Z INFO  miktex -      to C:\Users\user\OneDrive\Bilder\Desktop\EmanimStudio\Lib\Miktex\texmfs/data\fonts\map\dvips\psfonts.map...
2025-10-24 09:51:10,399Z INFO  miktex - Copying C:\Users\user\OneDrive\Bilder\Desktop\EmanimStudio\Lib\Miktex\texmfs/data\fonts\map\pdftex\pdftex_dl14.map
2025-10-24 09:51:10,400Z INFO  miktex -      to C:\Users\user\OneDrive\Bilder\Desktop\EmanimStudio\Lib\Miktex\texmfs/data\fonts\map\pdftex\pdftex.map...
2025-10-24 09:51:10,417Z INFO  miktex - running: miktex-fc-cache --miktex-disable-maintenance --miktex-disable-diagnose
2025-10-24 09:51:10,417Z INFO  miktex.core - start process: miktex-fc-cache --miktex-disable-maintenance --miktex-disable-diagnose
2025-10-24 09:51:11,190Z WARN  miktex.core - still open: C:\Users\user\OneDrive\Bilder\Desktop\EmanimStudio\Lib\Miktex\texmfs\install\fontconfig/config\fonts.conf.in
2025-10-24 09:51:11,190Z WARN  miktex.core - still open: C:\Users\user\OneDrive\Bilder\Desktop\EmanimStudio\Lib\Miktex\texmfs/config\fontconfig\config\fonts.conf
2025-10-24 09:51:11,191Z INFO  miktex - this process (21688) finishes with exit code 0
2025-10-24 09:51:22,108Z INFO  miktex - this is One MiKTeX Utility 1.9 (MiKTeX 24.1 Portable)
2025-10-24 09:51:22,109Z INFO  miktex - this process (7876) started by miktex-pdftex in directory C:\Users\user\AppData\Local\Temp\mik51546 with command line: miktex fontmaps configure
2025-10-24 09:51:22,110Z INFO  miktex - Parsing configuration file C:\Users\user\OneDrive\Bilder\Desktop\EmanimStudio\Lib\Miktex\texmfs\install\miktex/config\updmap.cfg...
2025-10-24 09:51:22,428Z INFO  miktex - Writing C:\Users\user\OneDrive\Bilder\Desktop\EmanimStudio\Lib\Miktex\texmfs/data\fonts\map\dvipdfmx\kanjix.map...
2025-10-24 09:51:22,430Z INFO  miktex - Writing C:\Users\user\OneDrive\Bilder\Desktop\EmanimStudio\Lib\Miktex\texmfs/data\fonts\map\dvips\builtin35.map...
2025-10-24 09:51:22,435Z INFO  miktex - Writing C:\Users\user\OneDrive\Bilder\Desktop\EmanimStudio\Lib\Miktex\texmfs/data\fonts\map\dvips\download35.map...
2025-10-24 09:51:22,440Z INFO  miktex - Writing C:\Users\user\OneDrive\Bilder\Desktop\EmanimStudio\Lib\Miktex\texmfs/data\fonts\map\dvips\ps2pk.map...
2025-10-24 09:51:22,454Z INFO  miktex - Writing C:\Users\user\OneDrive\Bilder\Desktop\EmanimStudio\Lib\Miktex\texmfs/data\fonts\map\dvips\psfonts_pk.map...
2025-10-24 09:51:22,465Z INFO  miktex - Writing C:\Users\user\OneDrive\Bilder\Desktop\EmanimStudio\Lib\Miktex\texmfs/data\fonts\map\dvips\psfonts_t1.map...
2025-10-24 09:51:22,476Z INFO  miktex - Writing C:\Users\user\OneDrive\Bilder\Desktop\EmanimStudio\Lib\Miktex\texmfs/data\fonts\map\pdftex\pdftex_dl14.map...
2025-10-24 09:51:22,489Z INFO  miktex - Writing C:\Users\user\OneDrive\Bilder\Desktop\EmanimStudio\Lib\Miktex\texmfs/data\fonts\map\pdftex\pdftex_ndl14.map...
2025-10-24 09:51:22,508Z INFO  miktex - Copying C:\Users\user\OneDrive\Bilder\Desktop\EmanimStudio\Lib\Miktex\texmfs/data\fonts\map\dvips\psfonts_t1.map
2025-10-24 09:51:22,508Z INFO  miktex -      to C:\Users\user\OneDrive\Bilder\Desktop\EmanimStudio\Lib\Miktex\texmfs/data\fonts\map\dvips\psfonts.map...
2025-10-24 09:51:22,511Z INFO  miktex - Copying C:\Users\user\OneDrive\Bilder\Desktop\EmanimStudio\Lib\Miktex\texmfs/data\fonts\map\pdftex\pdftex_dl14.map
2025-10-24 09:51:22,511Z INFO  miktex -      to C:\Users\user\OneDrive\Bilder\Desktop\EmanimStudio\Lib\Miktex\texmfs/data\fonts\map\pdftex\pdftex.map...
2025-10-24 09:51:22,525Z INFO  miktex - running: miktex-fc-cache --miktex-disable-maintenance --miktex-disable-diagnose
2025-10-24 09:51:22,525Z INFO  miktex.core - start process: miktex-fc-cache --miktex-disable-maintenance --miktex-disable-diagnose
2025-10-24 09:51:23,145Z WARN  miktex.core - still open: C:\Users\user\OneDrive\Bilder\Desktop\EmanimStudio\Lib\Miktex\texmfs\install\fontconfig/config\fonts.conf.in
2025-10-24 09:51:23,145Z WARN  miktex.core - still open: C:\Users\user\OneDrive\Bilder\Desktop\EmanimStudio\Lib\Miktex\texmfs/config\fontconfig\config\fonts.conf
2025-10-24 09:51:23,146Z INFO  miktex - this process (7876) finishes with exit code 0
2025-10-24 09:51:23,877Z INFO  miktex - this process (24392) finishes with exit code 0
